2019-12-25 07:23:45 +0000  Initial pipeline context: <IDEDistributionProcessingPipelineContext: 0x7f93784b4660; archive(resolved)='<IDEArchive: 0x7f93751fbda0>', distributionTask(resolved)='2', distributionDestination(resolved)='1', distributionMethod(resolved)='<IDEDistributionMethodiOSEnterprise: 0x7f937491caf0>', team(resolved)='<IDEProvisioningDisambiguatableBasicTeam: 0x7f936fcea410; teamID='7NHUJF7YLE', teamName='China Telecom Corporation Limited Shanghai Branch', teamType='(null)', username='(null)', isFreeProvisioningTeam='0'>'>
	Chain (12, self inclusive):
	<IDEDistributionProcessingPipelineContext: 0x7f93784b4660; archive = '<IDEArchive: 0x7f93751fbda0>', distributionMethod='<IDEDistributionMethodiOSEnterprise: 0x7f937491caf0>', team='<IDEProvisioningDisambiguatableBasicTeam: 0x7f936fcea410; teamID='7NHUJF7YLE', teamName='China Telecom Corporation Limited Shanghai Branch', teamType='(null)', username='(null)', isFreeProvisioningTeam='0'>'>
	<IDEDistributionProcessingPipelineContext: 0x7f93784b29c0; archive = '<IDEArchive: 0x7f93751fbda0>', distributionMethod='<IDEDistributionMethodiOSEnterprise: 0x7f937491caf0>', team='<IDEProvisioningDisambiguatableBasicTeam: 0x7f936fcea410; teamID='7NHUJF7YLE', teamName='China Telecom Corporation Limited Shanghai Branch', teamType='(null)', username='(null)', isFreeProvisioningTeam='0'>'>
	<IDEDistributionContext: 0x7f9377392cf0; archive = '<IDEArchive: 0x7f93751fbda0>', distributionMethod='<IDEDistributionMethodiOSEnterprise: 0x7f937491caf0>', team='<IDEProvisioningDisambiguatableBasicTeam: 0x7f936fcea410; teamID='7NHUJF7YLE', teamName='China Telecom Corporation Limited Shanghai Branch', teamType='(null)', username='(null)', isFreeProvisioningTeam='0'>'>
	<IDEDistributionContext: 0x7f9377296010; archive = '<IDEArchive: 0x7f93751fbda0>', distributionMethod='<IDEDistributionMethodiOSEnterprise: 0x7f937491caf0>', team='<IDEProvisioningDisambiguatableBasicTeam: 0x7f936fcea410; teamID='7NHUJF7YLE', teamName='China Telecom Corporation Limited Shanghai Branch', teamType='(null)', username='(null)', isFreeProvisioningTeam='0'>'>
	<IDEDistributionContext: 0x7f93742327d0; archive = '<IDEArchive: 0x7f93751fbda0>', distributionMethod='<IDEDistributionMethodiOSEnterprise: 0x7f937491caf0>', team='<IDEProvisioningDisambiguatableBasicTeam: 0x7f936fcea410; teamID='7NHUJF7YLE', teamName='China Telecom Corporation Limited Shanghai Branch', teamType='(null)', username='(null)', isFreeProvisioningTeam='0'>'>
	<IDEDistributionContext: 0x7f93772e0870; archive = '<IDEArchive: 0x7f93751fbda0>', distributionMethod='<IDEDistributionMethodiOSEnterprise: 0x7f937491caf0>', team='<IDEProvisioningDisambiguatableBasicTeam: 0x7f936fcea410; teamID='7NHUJF7YLE', teamName='China Telecom Corporation Limited Shanghai Branch', teamType='(null)', username='(null)', isFreeProvisioningTeam='0'>'>
	<IDEDistributionContext: 0x7f9376a81c40; archive = '<IDEArchive: 0x7f93751fbda0>', distributionMethod='<IDEDistributionMethodiOSEnterprise: 0x7f937491caf0>', team='<IDEProvisioningDisambiguatableBasicTeam: 0x7f936fcea410; teamID='7NHUJF7YLE', teamName='China Telecom Corporation Limited Shanghai Branch', teamType='(null)', username='(null)', isFreeProvisioningTeam='0'>'>
	<IDEDistributionContext: 0x7f93774877a0; archive = '<IDEArchive: 0x7f93751fbda0>', distributionMethod='<IDEDistributionMethodiOSEnterprise: 0x7f937491caf0>', team='<IDEProvisioningDisambiguatableBasicTeam: 0x7f936fcea410; teamID='7NHUJF7YLE', teamName='China Telecom Corporation Limited Shanghai Branch', teamType='(null)', username='(null)', isFreeProvisioningTeam='0'>'>
	<IDEDistributionContext: 0x7f9374987160; archive = '<IDEArchive: 0x7f93751fbda0>', distributionMethod='<IDEDistributionMethodiOSEnterprise: 0x7f937491caf0>', team='<IDEProvisioningDisambiguatableBasicTeam: 0x7f936fcea410; teamID='7NHUJF7YLE', teamName='China Telecom Corporation Limited Shanghai Branch', teamType='(null)', username='(null)', isFreeProvisioningTeam='0'>'>
	<IDEDistributionContext: 0x7f93771a61a0; archive = '<IDEArchive: 0x7f93751fbda0>', distributionMethod='<IDEDistributionMethodiOSEnterprise: 0x7f937491caf0>', team='(null)'>
	<IDEDistributionContext: 0x7f93776c5140; archive = '<IDEArchive: 0x7f93751fbda0>', distributionMethod='<IDEDistributionMethodiOSEnterprise: 0x7f937491caf0>', team='(null)'>
	<IDEDistributionContext: 0x7f93768214e0; archive = '<IDEArchive: 0x7f93751fbda0>', distributionMethod='(null)', team='(null)'>
</IDEDistributionProcessingPipelineContext: 0x7f93784b4660>
2019-12-25 07:23:45 +0000  Processing step: IDEDistributionCreateDestRootStep
2019-12-25 07:23:45 +0000  Processing step: IDEDistributionCopyItemStep
2019-12-25 07:23:45 +0000  Running /usr/bin/ditto '-V' '/Users/msj/Library/Developer/Xcode/Archives/2019-12-25/BluetoothLock 2019-12-25, 3.19 PM.xcarchive/Products/Applications/BluetoothLock.app' '/var/folders/ng/5rsppjqx3jzbc7z4x4vfp58h0000gp/T/XcodeDistPipeline.~~~sAi7RV/Root/Payload/BluetoothLock.app'
2019-12-25 07:23:45 +0000  >>> Copying /Users/msj/Library/Developer/Xcode/Archives/2019-12-25/BluetoothLock 2019-12-25, 3.19 PM.xcarchive/Products/Applications/BluetoothLock.app 
2019-12-25 07:23:45 +0000  copying file ./_CodeSignature/CodeResources ... 
2019-12-25 07:23:45 +0000  63678 bytes for ./_CodeSignature/CodeResources
2019-12-25 07:23:45 +0000  copying file ./WarnPopupView.nib ... 
2019-12-25 07:23:45 +0000  6159 bytes for ./WarnPopupView.nib
copying file ./messageIn.caf ... 
2019-12-25 07:23:45 +0000  162856 bytes for ./messageIn.caf
2019-12-25 07:23:45 +0000  copying file ./plus.png ... 
2019-12-25 07:23:45 +0000  787 bytes for ./plus.png
copying file ./LaunchImage-1100-Portrait-2436h@3x.png ... 
2019-12-25 07:23:45 +0000  736188 bytes for ./LaunchImage-1100-Portrait-2436h@3x.png
copying file ./MImaCell.nib ... 
2019-12-25 07:23:45 +0000  3220 bytes for ./MImaCell.nib
copying file ./AppIcon20x20@2x.png ... 
2019-12-25 07:23:45 +0000  2951 bytes for ./AppIcon20x20@2x.png
copying file ./AuthItemCell.nib ... 
2019-12-25 07:23:45 +0000  5346 bytes for ./AuthItemCell.nib
copying file ./scanFlashlight@3x.png ... 
2019-12-25 07:23:45 +0000  7663 bytes for ./scanFlashlight@3x.png
2019-12-25 07:23:45 +0000  copying file ./HWCollectionViewCell.nib ... 
2019-12-25 07:23:45 +0000  3185 bytes for ./HWCollectionViewCell.nib
2019-12-25 07:23:45 +0000  copying file ./ico_check_select@2x.png ... 
2019-12-25 07:23:45 +0000  1002 bytes for ./ico_check_select@2x.png
copying file ./ico_check_select@3x.png ... 
2019-12-25 07:23:45 +0000  1572 bytes for ./ico_check_select@3x.png
2019-12-25 07:23:45 +0000  copying file ./scanFlashlight@2x.png ... 
2019-12-25 07:23:45 +0000  5994 bytes for ./scanFlashlight@2x.png
2019-12-25 07:23:45 +0000  copying file ./AppIcon20x20@3x.png ... 
2019-12-25 07:23:45 +0000  4231 bytes for ./AppIcon20x20@3x.png
copying file ./BluetoothLock ... 
2019-12-25 07:23:45 +0000  3988304 bytes for ./BluetoothLock
2019-12-25 07:23:45 +0000  copying file ./MJRefresh.bundle/zh-Hans.lproj/Localizable.strings ... 
1194 bytes for ./MJRefresh.bundle/zh-Hans.lproj/Localizable.strings
copying file ./MJRefresh.bundle/en.lproj/Localizable.strings ... 
1372 bytes for ./MJRefresh.bundle/en.lproj/Localizable.strings
copying file ./MJRefresh.bundle/arrow@2x.png ... 
2019-12-25 07:23:45 +0000  1033 bytes for ./MJRefresh.bundle/arrow@2x.png
2019-12-25 07:23:45 +0000  copying file ./MJRefresh.bundle/zh-Hant.lproj/Localizable.strings ... 
2019-12-25 07:23:45 +0000  773 bytes for ./MJRefresh.bundle/zh-Hant.lproj/Localizable.strings
2019-12-25 07:23:45 +0000  copying file ./WarningItemCell.nib ... 
2019-12-25 07:23:45 +0000  6192 bytes for ./WarningItemCell.nib
2019-12-25 07:23:45 +0000  copying file ./AppIcon60x60@2x.png ... 
2019-12-25 07:23:45 +0000  9309 bytes for ./AppIcon60x60@2x.png
copying file ./AppIcon29x29@2x.png ... 
2019-12-25 07:23:45 +0000  4011 bytes for ./AppIcon29x29@2x.png
2019-12-25 07:23:45 +0000  copying file ./LaunchImage-800-667h@2x.png ... 
2019-12-25 07:23:45 +0000  289807 bytes for ./LaunchImage-800-667h@2x.png
copying file ./AppIcon40x40@3x.png ... 
2019-12-25 07:23:45 +0000  9309 bytes for ./AppIcon40x40@3x.png
2019-12-25 07:23:45 +0000  copying file ./plus@2x.png ... 
2019-12-25 07:23:45 +0000  1396 bytes for ./plus@2x.png
copying file ./plus@3x.png ... 
2019-12-25 07:23:45 +0000  2161 bytes for ./plus@3x.png
2019-12-25 07:23:45 +0000  copying file ./AppIcon40x40@2x.png ... 
2019-12-25 07:23:45 +0000  5502 bytes for ./AppIcon40x40@2x.png
2019-12-25 07:23:45 +0000  copying file ./BluetoothListCell.nib ... 
2019-12-25 07:23:45 +0000  3587 bytes for ./BluetoothListCell.nib
copying file ./AppIcon29x29@3x.png ... 
2019-12-25 07:23:45 +0000  5813 bytes for ./AppIcon29x29@3x.png
2019-12-25 07:23:45 +0000  copying file ./AppIcon60x60@3x.png ... 
2019-12-25 07:23:45 +0000  15801 bytes for ./AppIcon60x60@3x.png
2019-12-25 07:23:45 +0000  copying file ./Base.lproj/Main.storyboardc/UIViewController-ay1-bc-sVu.nib/objects-11.0+.nib ... 
2019-12-25 07:23:45 +0000  1449 bytes for ./Base.lproj/Main.storyboardc/UIViewController-ay1-bc-sVu.nib/objects-11.0+.nib
2019-12-25 07:23:45 +0000  copying file ./Base.lproj/Main.storyboardc/UIViewController-ay1-bc-sVu.nib/runtime.nib ... 
2019-12-25 07:23:45 +0000  1449 bytes for ./Base.lproj/Main.storyboardc/UIViewController-ay1-bc-sVu.nib/runtime.nib
2019-12-25 07:23:45 +0000  copying file ./Base.lproj/Main.storyboardc/UIViewController-kjp-sv-0iq.nib/objects-11.0+.nib ... 
2019-12-25 07:23:45 +0000  973 bytes for ./Base.lproj/Main.storyboardc/UIViewController-kjp-sv-0iq.nib/objects-11.0+.nib
2019-12-25 07:23:45 +0000  copying file ./Base.lproj/Main.storyboardc/UIViewController-kjp-sv-0iq.nib/runtime.nib ... 
2019-12-25 07:23:45 +0000  973 bytes for ./Base.lproj/Main.storyboardc/UIViewController-kjp-sv-0iq.nib/runtime.nib
2019-12-25 07:23:45 +0000  copying file ./Base.lproj/Main.storyboardc/AuthDetail.nib/objects-11.0+.nib ... 
2019-12-25 07:23:45 +0000  1343 bytes for ./Base.lproj/Main.storyboardc/AuthDetail.nib/objects-11.0+.nib
2019-12-25 07:23:45 +0000  copying file ./Base.lproj/Main.storyboardc/AuthDetail.nib/runtime.nib ... 
2019-12-25 07:23:45 +0000  1343 bytes for ./Base.lproj/Main.storyboardc/AuthDetail.nib/runtime.nib
2019-12-25 07:23:45 +0000  copying file ./Base.lproj/Main.storyboardc/FRb-3X-BOH-view-WM6-Yy-rdP.nib/objects-11.0+.nib ... 
2019-12-25 07:23:45 +0000  1804 bytes for ./Base.lproj/Main.storyboardc/FRb-3X-BOH-view-WM6-Yy-rdP.nib/objects-11.0+.nib
2019-12-25 07:23:45 +0000  copying file ./Base.lproj/Main.storyboardc/FRb-3X-BOH-view-WM6-Yy-rdP.nib/runtime.nib ... 
2019-12-25 07:23:45 +0000  1803 bytes for ./Base.lproj/Main.storyboardc/FRb-3X-BOH-view-WM6-Yy-rdP.nib/runtime.nib
2019-12-25 07:23:45 +0000  copying file ./Base.lproj/Main.storyboardc/WWC-69-VwQ-view-9fx-6h-5DD.nib/objects-11.0+.nib ... 
2019-12-25 07:23:45 +0000  11242 bytes for ./Base.lproj/Main.storyboardc/WWC-69-VwQ-view-9fx-6h-5DD.nib/objects-11.0+.nib
copying file ./Base.lproj/Main.storyboardc/WWC-69-VwQ-view-9fx-6h-5DD.nib/runtime.nib ... 
2019-12-25 07:23:45 +0000  11254 bytes for ./Base.lproj/Main.storyboardc/WWC-69-VwQ-view-9fx-6h-5DD.nib/runtime.nib
2019-12-25 07:23:45 +0000  copying file ./Base.lproj/Main.storyboardc/kjp-sv-0iq-view-ItJ-FT-H4k.nib/objects-11.0+.nib ... 
2019-12-25 07:23:45 +0000  2772 bytes for ./Base.lproj/Main.storyboardc/kjp-sv-0iq-view-ItJ-FT-H4k.nib/objects-11.0+.nib
copying file ./Base.lproj/Main.storyboardc/kjp-sv-0iq-view-ItJ-FT-H4k.nib/runtime.nib ... 
2019-12-25 07:23:45 +0000  2770 bytes for ./Base.lproj/Main.storyboardc/kjp-sv-0iq-view-ItJ-FT-H4k.nib/runtime.nib
2019-12-25 07:23:45 +0000  copying file ./Base.lproj/Main.storyboardc/iKe-gv-aRS-view-1tp-wE-3GU.nib/objects-11.0+.nib ... 
2019-12-25 07:23:45 +0000  10768 bytes for ./Base.lproj/Main.storyboardc/iKe-gv-aRS-view-1tp-wE-3GU.nib/objects-11.0+.nib
copying file ./Base.lproj/Main.storyboardc/iKe-gv-aRS-view-1tp-wE-3GU.nib/runtime.nib ... 
2019-12-25 07:23:45 +0000  10777 bytes for ./Base.lproj/Main.storyboardc/iKe-gv-aRS-view-1tp-wE-3GU.nib/runtime.nib
2019-12-25 07:23:45 +0000  copying file ./Base.lproj/Main.storyboardc/etB-vz-ZIp-view-Weh-xL-7Vj.nib/objects-11.0+.nib ... 
2019-12-25 07:23:45 +0000  10021 bytes for ./Base.lproj/Main.storyboardc/etB-vz-ZIp-view-Weh-xL-7Vj.nib/objects-11.0+.nib
2019-12-25 07:23:45 +0000  copying file ./Base.lproj/Main.storyboardc/etB-vz-ZIp-view-Weh-xL-7Vj.nib/runtime.nib ... 
2019-12-25 07:23:45 +0000  10036 bytes for ./Base.lproj/Main.storyboardc/etB-vz-ZIp-view-Weh-xL-7Vj.nib/runtime.nib
2019-12-25 07:23:45 +0000  copying file ./Base.lproj/Main.storyboardc/mQT-BC-B0x-view-5bH-GG-2Qq.nib/objects-11.0+.nib ... 
2019-12-25 07:23:45 +0000  6444 bytes for ./Base.lproj/Main.storyboardc/mQT-BC-B0x-view-5bH-GG-2Qq.nib/objects-11.0+.nib
copying file ./Base.lproj/Main.storyboardc/mQT-BC-B0x-view-5bH-GG-2Qq.nib/runtime.nib ... 
2019-12-25 07:23:45 +0000  6430 bytes for ./Base.lproj/Main.storyboardc/mQT-BC-B0x-view-5bH-GG-2Qq.nib/runtime.nib
2019-12-25 07:23:45 +0000  copying file ./Base.lproj/Main.storyboardc/UIViewController-s6H-od-GzH.nib/objects-11.0+.nib ... 
2019-12-25 07:23:45 +0000  1244 bytes for ./Base.lproj/Main.storyboardc/UIViewController-s6H-od-GzH.nib/objects-11.0+.nib
2019-12-25 07:23:45 +0000  copying file ./Base.lproj/Main.storyboardc/UIViewController-s6H-od-GzH.nib/runtime.nib ... 
2019-12-25 07:23:45 +0000  1244 bytes for ./Base.lproj/Main.storyboardc/UIViewController-s6H-od-GzH.nib/runtime.nib
2019-12-25 07:23:45 +0000  copying file ./Base.lproj/Main.storyboardc/UIViewController-Smk-Xd-ufy.nib/objects-11.0+.nib ... 
2019-12-25 07:23:45 +0000  1124 bytes for ./Base.lproj/Main.storyboardc/UIViewController-Smk-Xd-ufy.nib/objects-11.0+.nib
copying file ./Base.lproj/Main.storyboardc/UIViewController-Smk-Xd-ufy.nib/runtime.nib ... 
1124 bytes for ./Base.lproj/Main.storyboardc/UIViewController-Smk-Xd-ufy.nib/runtime.nib
2019-12-25 07:23:45 +0000  copying file ./Base.lproj/Main.storyboardc/qD1-uC-whA-view-ikf-7d-yAK.nib/objects-11.0+.nib ... 
2019-12-25 07:23:45 +0000  14521 bytes for ./Base.lproj/Main.storyboardc/qD1-uC-whA-view-ikf-7d-yAK.nib/objects-11.0+.nib
2019-12-25 07:23:45 +0000  copying file ./Base.lproj/Main.storyboardc/qD1-uC-whA-view-ikf-7d-yAK.nib/runtime.nib ... 
2019-12-25 07:23:45 +0000  14510 bytes for ./Base.lproj/Main.storyboardc/qD1-uC-whA-view-ikf-7d-yAK.nib/runtime.nib
2019-12-25 07:23:45 +0000  copying file ./Base.lproj/Main.storyboardc/6We-hW-9Vo-view-Pk5-W7-ULY.nib/objects-11.0+.nib ... 
2019-12-25 07:23:45 +0000  7285 bytes for ./Base.lproj/Main.storyboardc/6We-hW-9Vo-view-Pk5-W7-ULY.nib/objects-11.0+.nib
copying file ./Base.lproj/Main.storyboardc/6We-hW-9Vo-view-Pk5-W7-ULY.nib/runtime.nib ... 
2019-12-25 07:23:45 +0000  7279 bytes for ./Base.lproj/Main.storyboardc/6We-hW-9Vo-view-Pk5-W7-ULY.nib/runtime.nib
2019-12-25 07:23:45 +0000  copying file ./Base.lproj/Main.storyboardc/UIViewController-cyV-IF-FJV.nib/objects-11.0+.nib ... 
2019-12-25 07:23:45 +0000  971 bytes for ./Base.lproj/Main.storyboardc/UIViewController-cyV-IF-FJV.nib/objects-11.0+.nib
2019-12-25 07:23:45 +0000  copying file ./Base.lproj/Main.storyboardc/UIViewController-cyV-IF-FJV.nib/runtime.nib ... 
2019-12-25 07:23:45 +0000  971 bytes for ./Base.lproj/Main.storyboardc/UIViewController-cyV-IF-FJV.nib/runtime.nib
2019-12-25 07:23:45 +0000  copying file ./Base.lproj/Main.storyboardc/OXj-aQ-Tz9-view-Dp4-TY-Kd8.nib/objects-11.0+.nib ... 
2019-12-25 07:23:45 +0000  4533 bytes for ./Base.lproj/Main.storyboardc/OXj-aQ-Tz9-view-Dp4-TY-Kd8.nib/objects-11.0+.nib
copying file ./Base.lproj/Main.storyboardc/OXj-aQ-Tz9-view-Dp4-TY-Kd8.nib/runtime.nib ... 
2019-12-25 07:23:45 +0000  4522 bytes for ./Base.lproj/Main.storyboardc/OXj-aQ-Tz9-view-Dp4-TY-Kd8.nib/runtime.nib
2019-12-25 07:23:45 +0000  copying file ./Base.lproj/Main.storyboardc/UIViewController-Z6K-9h-535.nib/objects-11.0+.nib ... 
2019-12-25 07:23:45 +0000  1415 bytes for ./Base.lproj/Main.storyboardc/UIViewController-Z6K-9h-535.nib/objects-11.0+.nib
2019-12-25 07:23:45 +0000  copying file ./Base.lproj/Main.storyboardc/UIViewController-Z6K-9h-535.nib/runtime.nib ... 
2019-12-25 07:23:45 +0000  1415 bytes for ./Base.lproj/Main.storyboardc/UIViewController-Z6K-9h-535.nib/runtime.nib
2019-12-25 07:23:45 +0000  copying file ./Base.lproj/Main.storyboardc/RemoteControl.nib/objects-11.0+.nib ... 
2019-12-25 07:23:45 +0000  1347 bytes for ./Base.lproj/Main.storyboardc/RemoteControl.nib/objects-11.0+.nib
2019-12-25 07:23:45 +0000  copying file ./Base.lproj/Main.storyboardc/RemoteControl.nib/runtime.nib ... 
2019-12-25 07:23:45 +0000  1347 bytes for ./Base.lproj/Main.storyboardc/RemoteControl.nib/runtime.nib
2019-12-25 07:23:45 +0000  copying file ./Base.lproj/Main.storyboardc/UIViewController-AFI-og-nn3.nib/objects-11.0+.nib ... 
2019-12-25 07:23:45 +0000  1238 bytes for ./Base.lproj/Main.storyboardc/UIViewController-AFI-og-nn3.nib/objects-11.0+.nib
copying file ./Base.lproj/Main.storyboardc/UIViewController-AFI-og-nn3.nib/runtime.nib ... 
2019-12-25 07:23:45 +0000  1238 bytes for ./Base.lproj/Main.storyboardc/UIViewController-AFI-og-nn3.nib/runtime.nib
2019-12-25 07:23:45 +0000  copying file ./Base.lproj/Main.storyboardc/OpenSearch.nib/objects-11.0+.nib ... 
2019-12-25 07:23:45 +0000  1048 bytes for ./Base.lproj/Main.storyboardc/OpenSearch.nib/objects-11.0+.nib
2019-12-25 07:23:45 +0000  copying file ./Base.lproj/Main.storyboardc/OpenSearch.nib/runtime.nib ... 
2019-12-25 07:23:45 +0000  1048 bytes for ./Base.lproj/Main.storyboardc/OpenSearch.nib/runtime.nib
2019-12-25 07:23:45 +0000  copying file ./Base.lproj/Main.storyboardc/BluetoothConnect.nib/objects-11.0+.nib ... 
2019-12-25 07:23:45 +0000  1166 bytes for ./Base.lproj/Main.storyboardc/BluetoothConnect.nib/objects-11.0+.nib
copying file ./Base.lproj/Main.storyboardc/BluetoothConnect.nib/runtime.nib ... 
2019-12-25 07:23:45 +0000  1166 bytes for ./Base.lproj/Main.storyboardc/BluetoothConnect.nib/runtime.nib
2019-12-25 07:23:45 +0000  copying file ./Base.lproj/Main.storyboardc/3Bj-0g-WLM-view-Hw1-6J-WTp.nib/objects-11.0+.nib ... 
2019-12-25 07:23:45 +0000  9144 bytes for ./Base.lproj/Main.storyboardc/3Bj-0g-WLM-view-Hw1-6J-WTp.nib/objects-11.0+.nib
copying file ./Base.lproj/Main.storyboardc/3Bj-0g-WLM-view-Hw1-6J-WTp.nib/runtime.nib ... 
2019-12-25 07:23:45 +0000  9131 bytes for ./Base.lproj/Main.storyboardc/3Bj-0g-WLM-view-Hw1-6J-WTp.nib/runtime.nib
2019-12-25 07:23:45 +0000  copying file ./Base.lproj/Main.storyboardc/s6H-od-GzH-view-2yL-Pu-O6A.nib/objects-11.0+.nib ... 
2019-12-25 07:23:45 +0000  8628 bytes for ./Base.lproj/Main.storyboardc/s6H-od-GzH-view-2yL-Pu-O6A.nib/objects-11.0+.nib
2019-12-25 07:23:45 +0000  copying file ./Base.lproj/Main.storyboardc/s6H-od-GzH-view-2yL-Pu-O6A.nib/runtime.nib ... 
2019-12-25 07:23:45 +0000  8626 bytes for ./Base.lproj/Main.storyboardc/s6H-od-GzH-view-2yL-Pu-O6A.nib/runtime.nib
2019-12-25 07:23:45 +0000  copying file ./Base.lproj/Main.storyboardc/Bluetooth.nib/objects-11.0+.nib ... 
2019-12-25 07:23:45 +0000  1157 bytes for ./Base.lproj/Main.storyboardc/Bluetooth.nib/objects-11.0+.nib
copying file ./Base.lproj/Main.storyboardc/Bluetooth.nib/runtime.nib ... 
2019-12-25 07:23:45 +0000  1157 bytes for ./Base.lproj/Main.storyboardc/Bluetooth.nib/runtime.nib
2019-12-25 07:23:45 +0000  copying file ./Base.lproj/Main.storyboardc/AFI-og-nn3-view-Q0o-lp-7JK.nib/objects-11.0+.nib ... 
2019-12-25 07:23:45 +0000  6397 bytes for ./Base.lproj/Main.storyboardc/AFI-og-nn3-view-Q0o-lp-7JK.nib/objects-11.0+.nib
2019-12-25 07:23:45 +0000  copying file ./Base.lproj/Main.storyboardc/AFI-og-nn3-view-Q0o-lp-7JK.nib/runtime.nib ... 
2019-12-25 07:23:45 +0000  6386 bytes for ./Base.lproj/Main.storyboardc/AFI-og-nn3-view-Q0o-lp-7JK.nib/runtime.nib
2019-12-25 07:23:45 +0000  copying file ./Base.lproj/Main.storyboardc/Login.nib/objects-11.0+.nib ... 
2019-12-25 07:23:45 +0000  1009 bytes for ./Base.lproj/Main.storyboardc/Login.nib/objects-11.0+.nib
2019-12-25 07:23:45 +0000  copying file ./Base.lproj/Main.storyboardc/Login.nib/runtime.nib ... 
2019-12-25 07:23:45 +0000  1009 bytes for ./Base.lproj/Main.storyboardc/Login.nib/runtime.nib
2019-12-25 07:23:45 +0000  copying file ./Base.lproj/Main.storyboardc/Z2u-yD-kZj-view-6iZ-XW-ytM.nib/objects-11.0+.nib ... 
2019-12-25 07:23:45 +0000  2772 bytes for ./Base.lproj/Main.storyboardc/Z2u-yD-kZj-view-6iZ-XW-ytM.nib/objects-11.0+.nib
2019-12-25 07:23:45 +0000  copying file ./Base.lproj/Main.storyboardc/Z2u-yD-kZj-view-6iZ-XW-ytM.nib/runtime.nib ... 
2019-12-25 07:23:45 +0000  2764 bytes for ./Base.lproj/Main.storyboardc/Z2u-yD-kZj-view-6iZ-XW-ytM.nib/runtime.nib
2019-12-25 07:23:45 +0000  copying file ./Base.lproj/Main.storyboardc/UIViewController-3Yt-TG-lKA.nib/objects-11.0+.nib ... 
1422 bytes for ./Base.lproj/Main.storyboardc/UIViewController-3Yt-TG-lKA.nib/objects-11.0+.nib
copying file ./Base.lproj/Main.storyboardc/UIViewController-3Yt-TG-lKA.nib/runtime.nib ... 
1422 bytes for ./Base.lproj/Main.storyboardc/UIViewController-3Yt-TG-lKA.nib/runtime.nib
copying file ./Base.lproj/Main.storyboardc/UIViewController-mQT-BC-B0x.nib/objects-11.0+.nib ... 
1238 bytes for ./Base.lproj/Main.storyboardc/UIViewController-mQT-BC-B0x.nib/objects-11.0+.nib
copying file ./Base.lproj/Main.storyboardc/UIViewController-mQT-BC-B0x.nib/runtime.nib ... 
1238 bytes for ./Base.lproj/Main.storyboardc/UIViewController-mQT-BC-B0x.nib/runtime.nib
copying file ./Base.lproj/Main.storyboardc/vvV-Y6-IJ5-view-V6H-tx-wCm.nib/objects-11.0+.nib ... 
1804 bytes for ./Base.lproj/Main.storyboardc/vvV-Y6-IJ5-view-V6H-tx-wCm.nib/objects-11.0+.nib
copying file ./Base.lproj/Main.storyboardc/vvV-Y6-IJ5-view-V6H-tx-wCm.nib/runtime.nib ... 
1803 bytes for ./Base.lproj/Main.storyboardc/vvV-Y6-IJ5-view-V6H-tx-wCm.nib/runtime.nib
copying file ./Base.lproj/Main.storyboardc/BluetoothUnregistered.nib/objects-11.0+.nib ... 
1482 bytes for ./Base.lproj/Main.storyboardc/BluetoothUnregistered.nib/objects-11.0+.nib
copying file ./Base.lproj/Main.storyboardc/BluetoothUnregistered.nib/runtime.nib ... 
1482 bytes for ./Base.lproj/Main.storyboardc/BluetoothUnregistered.nib/runtime.nib
2019-12-25 07:23:45 +0000  copying file ./Base.lproj/Main.storyboardc/MainMenu.nib/objects-11.0+.nib ... 
6647 bytes for ./Base.lproj/Main.storyboardc/MainMenu.nib/objects-11.0+.nib
copying file ./Base.lproj/Main.storyboardc/MainMenu.nib/runtime.nib ... 
2019-12-25 07:23:45 +0000  6660 bytes for ./Base.lproj/Main.storyboardc/MainMenu.nib/runtime.nib
copying file ./Base.lproj/Main.storyboardc/UIViewController-qD1-uC-whA.nib/objects-11.0+.nib ... 
1417 bytes for ./Base.lproj/Main.storyboardc/UIViewController-qD1-uC-whA.nib/objects-11.0+.nib
copying file ./Base.lproj/Main.storyboardc/UIViewController-qD1-uC-whA.nib/runtime.nib ... 
1417 bytes for ./Base.lproj/Main.storyboardc/UIViewController-qD1-uC-whA.nib/runtime.nib
copying file ./Base.lproj/Main.storyboardc/UIViewController-FRb-3X-BOH.nib/objects-11.0+.nib ... 
1356 bytes for ./Base.lproj/Main.storyboardc/UIViewController-FRb-3X-BOH.nib/objects-11.0+.nib
copying file ./Base.lproj/Main.storyboardc/UIViewController-FRb-3X-BOH.nib/runtime.nib ... 
1356 bytes for ./Base.lproj/Main.storyboardc/UIViewController-FRb-3X-BOH.nib/runtime.nib
copying file ./Base.lproj/Main.storyboardc/BQw-bX-DXP-view-vXc-qW-dMC.nib/objects-11.0+.nib ... 
11237 bytes for ./Base.lproj/Main.storyboardc/BQw-bX-DXP-view-vXc-qW-dMC.nib/objects-11.0+.nib
copying file ./Base.lproj/Main.storyboardc/BQw-bX-DXP-view-vXc-qW-dMC.nib/runtime.nib ... 
11234 bytes for ./Base.lproj/Main.storyboardc/BQw-bX-DXP-view-vXc-qW-dMC.nib/runtime.nib
copying file ./Base.lproj/Main.storyboardc/UIViewController-Z2u-yD-kZj.nib/objects-11.0+.nib ... 
2019-12-25 07:23:45 +0000  1119 bytes for ./Base.lproj/Main.storyboardc/UIViewController-Z2u-yD-kZj.nib/objects-11.0+.nib
copying file ./Base.lproj/Main.storyboardc/UIViewController-Z2u-yD-kZj.nib/runtime.nib ... 
1119 bytes for ./Base.lproj/Main.storyboardc/UIViewController-Z2u-yD-kZj.nib/runtime.nib
2019-12-25 07:23:45 +0000  copying file ./Base.lproj/Main.storyboardc/UIViewController-OXj-aQ-Tz9.nib/objects-11.0+.nib ... 
2019-12-25 07:23:45 +0000  1120 bytes for ./Base.lproj/Main.storyboardc/UIViewController-OXj-aQ-Tz9.nib/objects-11.0+.nib
2019-12-25 07:23:45 +0000  copying file ./Base.lproj/Main.storyboardc/UIViewController-OXj-aQ-Tz9.nib/runtime.nib ... 
2019-12-25 07:23:45 +0000  1120 bytes for ./Base.lproj/Main.storyboardc/UIViewController-OXj-aQ-Tz9.nib/runtime.nib
2019-12-25 07:23:45 +0000  copying file ./Base.lproj/Main.storyboardc/MonitoringRecords.nib/objects-11.0+.nib ... 
2019-12-25 07:23:45 +0000  1357 bytes for ./Base.lproj/Main.storyboardc/MonitoringRecords.nib/objects-11.0+.nib
copying file ./Base.lproj/Main.storyboardc/MonitoringRecords.nib/runtime.nib ... 
2019-12-25 07:23:45 +0000  1357 bytes for ./Base.lproj/Main.storyboardc/MonitoringRecords.nib/runtime.nib
2019-12-25 07:23:45 +0000  copying file ./Base.lproj/Main.storyboardc/ay1-bc-sVu-view-fNf-wb-Yfc.nib/objects-11.0+.nib ... 
2019-12-25 07:23:45 +0000  7794 bytes for ./Base.lproj/Main.storyboardc/ay1-bc-sVu-view-fNf-wb-Yfc.nib/objects-11.0+.nib
2019-12-25 07:23:45 +0000  copying file ./Base.lproj/Main.storyboardc/ay1-bc-sVu-view-fNf-wb-Yfc.nib/runtime.nib ... 
7788 bytes for ./Base.lproj/Main.storyboardc/ay1-bc-sVu-view-fNf-wb-Yfc.nib/runtime.nib
2019-12-25 07:23:45 +0000  copying file ./Base.lproj/Main.storyboardc/eqb-d6-CRB-view-AYO-P3-raV.nib/objects-11.0+.nib ... 
2019-12-25 07:23:45 +0000  8998 bytes for ./Base.lproj/Main.storyboardc/eqb-d6-CRB-view-AYO-P3-raV.nib/objects-11.0+.nib
2019-12-25 07:23:45 +0000  copying file ./Base.lproj/Main.storyboardc/eqb-d6-CRB-view-AYO-P3-raV.nib/runtime.nib ... 
2019-12-25 07:23:45 +0000  9119 bytes for ./Base.lproj/Main.storyboardc/eqb-d6-CRB-view-AYO-P3-raV.nib/runtime.nib
2019-12-25 07:23:45 +0000  copying file ./Base.lproj/Main.storyboardc/bfh-uI-WR2-view-e6U-C0-tcH.nib/objects-11.0+.nib ... 
2019-12-25 07:23:45 +0000  9296 bytes for ./Base.lproj/Main.storyboardc/bfh-uI-WR2-view-e6U-C0-tcH.nib/objects-11.0+.nib
2019-12-25 07:23:45 +0000  copying file ./Base.lproj/Main.storyboardc/bfh-uI-WR2-view-e6U-C0-tcH.nib/runtime.nib ... 
2019-12-25 07:23:45 +0000  9294 bytes for ./Base.lproj/Main.storyboardc/bfh-uI-WR2-view-e6U-C0-tcH.nib/runtime.nib
2019-12-25 07:23:45 +0000  copying file ./Base.lproj/Main.storyboardc/BYZ-38-t0r-view-8bC-Xf-vdC.nib/objects-11.0+.nib ... 
2019-12-25 07:23:45 +0000  5218 bytes for ./Base.lproj/Main.storyboardc/BYZ-38-t0r-view-8bC-Xf-vdC.nib/objects-11.0+.nib
copying file ./Base.lproj/Main.storyboardc/BYZ-38-t0r-view-8bC-Xf-vdC.nib/runtime.nib ... 
2019-12-25 07:23:45 +0000  5221 bytes for ./Base.lproj/Main.storyboardc/BYZ-38-t0r-view-8bC-Xf-vdC.nib/runtime.nib
2019-12-25 07:23:45 +0000  copying file ./Base.lproj/Main.storyboardc/StatusSearch.nib/objects-11.0+.nib ... 
2019-12-25 07:23:45 +0000  1347 bytes for ./Base.lproj/Main.storyboardc/StatusSearch.nib/objects-11.0+.nib
2019-12-25 07:23:45 +0000  copying file ./Base.lproj/Main.storyboardc/StatusSearch.nib/runtime.nib ... 
2019-12-25 07:23:45 +0000  1347 bytes for ./Base.lproj/Main.storyboardc/StatusSearch.nib/runtime.nib
2019-12-25 07:23:45 +0000  copying file ./Base.lproj/Main.storyboardc/Yqc-hm-So7-view-uw0-3L-yAc.nib/objects-11.0+.nib ... 
2019-12-25 07:23:45 +0000  5960 bytes for ./Base.lproj/Main.storyboardc/Yqc-hm-So7-view-uw0-3L-yAc.nib/objects-11.0+.nib
2019-12-25 07:23:45 +0000  copying file ./Base.lproj/Main.storyboardc/Yqc-hm-So7-view-uw0-3L-yAc.nib/runtime.nib ... 
2019-12-25 07:23:45 +0000  5962 bytes for ./Base.lproj/Main.storyboardc/Yqc-hm-So7-view-uw0-3L-yAc.nib/runtime.nib
2019-12-25 07:23:45 +0000  copying file ./Base.lproj/Main.storyboardc/elX-id-9Tt-view-aYL-bR-png.nib/objects-11.0+.nib ... 
2019-12-25 07:23:45 +0000  8704 bytes for ./Base.lproj/Main.storyboardc/elX-id-9Tt-view-aYL-bR-png.nib/objects-11.0+.nib
2019-12-25 07:23:45 +0000  copying file ./Base.lproj/Main.storyboardc/elX-id-9Tt-view-aYL-bR-png.nib/runtime.nib ... 
2019-12-25 07:23:45 +0000  8687 bytes for ./Base.lproj/Main.storyboardc/elX-id-9Tt-view-aYL-bR-png.nib/runtime.nib
2019-12-25 07:23:45 +0000  copying file ./Base.lproj/Main.storyboardc/cCz-gO-LoI-view-gPP-79-9hD.nib/objects-11.0+.nib ... 
2019-12-25 07:23:45 +0000  3164 bytes for ./Base.lproj/Main.storyboardc/cCz-gO-LoI-view-gPP-79-9hD.nib/objects-11.0+.nib
copying file ./Base.lproj/Main.storyboardc/cCz-gO-LoI-view-gPP-79-9hD.nib/runtime.nib ... 
2019-12-25 07:23:45 +0000  3169 bytes for ./Base.lproj/Main.storyboardc/cCz-gO-LoI-view-gPP-79-9hD.nib/runtime.nib
2019-12-25 07:23:45 +0000  copying file ./Base.lproj/Main.storyboardc/cyV-IF-FJV-view-mnn-VT-bCs.nib/objects-11.0+.nib ... 
2019-12-25 07:23:45 +0000  7814 bytes for ./Base.lproj/Main.storyboardc/cyV-IF-FJV-view-mnn-VT-bCs.nib/objects-11.0+.nib
2019-12-25 07:23:45 +0000  copying file ./Base.lproj/Main.storyboardc/cyV-IF-FJV-view-mnn-VT-bCs.nib/runtime.nib ... 
2019-12-25 07:23:45 +0000  7821 bytes for ./Base.lproj/Main.storyboardc/cyV-IF-FJV-view-mnn-VT-bCs.nib/runtime.nib
2019-12-25 07:23:45 +0000  copying file ./Base.lproj/Main.storyboardc/Smk-Xd-ufy-view-1bz-QE-Km8.nib/objects-11.0+.nib ... 
2019-12-25 07:23:45 +0000  4552 bytes for ./Base.lproj/Main.storyboardc/Smk-Xd-ufy-view-1bz-QE-Km8.nib/objects-11.0+.nib
2019-12-25 07:23:45 +0000  copying file ./Base.lproj/Main.storyboardc/Smk-Xd-ufy-view-1bz-QE-Km8.nib/runtime.nib ... 
2019-12-25 07:23:45 +0000  4545 bytes for ./Base.lproj/Main.storyboardc/Smk-Xd-ufy-view-1bz-QE-Km8.nib/runtime.nib
2019-12-25 07:23:45 +0000  copying file ./Base.lproj/Main.storyboardc/mHM-4Y-ZOt-view-DvC-OW-1gz.nib/objects-11.0+.nib ... 
2019-12-25 07:23:45 +0000  12360 bytes for ./Base.lproj/Main.storyboardc/mHM-4Y-ZOt-view-DvC-OW-1gz.nib/objects-11.0+.nib
2019-12-25 07:23:45 +0000  copying file ./Base.lproj/Main.storyboardc/mHM-4Y-ZOt-view-DvC-OW-1gz.nib/runtime.nib ... 
2019-12-25 07:23:45 +0000  12360 bytes for ./Base.lproj/Main.storyboardc/mHM-4Y-ZOt-view-DvC-OW-1gz.nib/runtime.nib
2019-12-25 07:23:45 +0000  copying file ./Base.lproj/Main.storyboardc/g3o-cM-BcG-view-NIU-c1-rjd.nib/objects-11.0+.nib ... 
2019-12-25 07:23:45 +0000  10871 bytes for ./Base.lproj/Main.storyboardc/g3o-cM-BcG-view-NIU-c1-rjd.nib/objects-11.0+.nib
2019-12-25 07:23:45 +0000  copying file ./Base.lproj/Main.storyboardc/g3o-cM-BcG-view-NIU-c1-rjd.nib/runtime.nib ... 
2019-12-25 07:23:45 +0000  10855 bytes for ./Base.lproj/Main.storyboardc/g3o-cM-BcG-view-NIU-c1-rjd.nib/runtime.nib
2019-12-25 07:23:45 +0000  copying file ./Base.lproj/Main.storyboardc/UIViewController-cCz-gO-LoI.nib/objects-11.0+.nib ... 
2019-12-25 07:23:45 +0000  1502 bytes for ./Base.lproj/Main.storyboardc/UIViewController-cCz-gO-LoI.nib/objects-11.0+.nib
2019-12-25 07:23:45 +0000  copying file ./Base.lproj/Main.storyboardc/UIViewController-cCz-gO-LoI.nib/runtime.nib ... 
2019-12-25 07:23:45 +0000  1502 bytes for ./Base.lproj/Main.storyboardc/UIViewController-cCz-gO-LoI.nib/runtime.nib
copying file ./Base.lproj/Main.storyboardc/UIViewController-tgD-YS-Uc8.nib/objects-11.0+.nib ... 
2019-12-25 07:23:45 +0000  1004 bytes for ./Base.lproj/Main.storyboardc/UIViewController-tgD-YS-Uc8.nib/objects-11.0+.nib
2019-12-25 07:23:45 +0000  copying file ./Base.lproj/Main.storyboardc/UIViewController-tgD-YS-Uc8.nib/runtime.nib ... 
2019-12-25 07:23:45 +0000  1004 bytes for ./Base.lproj/Main.storyboardc/UIViewController-tgD-YS-Uc8.nib/runtime.nib
2019-12-25 07:23:45 +0000  copying file ./Base.lproj/Main.storyboardc/UIViewController-g3o-cM-BcG.nib/objects-11.0+.nib ... 
2019-12-25 07:23:45 +0000  1176 bytes for ./Base.lproj/Main.storyboardc/UIViewController-g3o-cM-BcG.nib/objects-11.0+.nib
copying file ./Base.lproj/Main.storyboardc/UIViewController-g3o-cM-BcG.nib/runtime.nib ... 
2019-12-25 07:23:45 +0000  1176 bytes for ./Base.lproj/Main.storyboardc/UIViewController-g3o-cM-BcG.nib/runtime.nib
2019-12-25 07:23:45 +0000  copying file ./Base.lproj/Main.storyboardc/UIViewController-WWC-69-VwQ.nib/objects-11.0+.nib ... 
2019-12-25 07:23:45 +0000  1445 bytes for ./Base.lproj/Main.storyboardc/UIViewController-WWC-69-VwQ.nib/objects-11.0+.nib
2019-12-25 07:23:45 +0000  copying file ./Base.lproj/Main.storyboardc/UIViewController-WWC-69-VwQ.nib/runtime.nib ... 
2019-12-25 07:23:45 +0000  1445 bytes for ./Base.lproj/Main.storyboardc/UIViewController-WWC-69-VwQ.nib/runtime.nib
2019-12-25 07:23:45 +0000  copying file ./Base.lproj/Main.storyboardc/3Yt-TG-lKA-view-vn7-MY-AMa.nib/objects-11.0+.nib ... 
2019-12-25 07:23:45 +0000  8243 bytes for ./Base.lproj/Main.storyboardc/3Yt-TG-lKA-view-vn7-MY-AMa.nib/objects-11.0+.nib
2019-12-25 07:23:45 +0000  copying file ./Base.lproj/Main.storyboardc/3Yt-TG-lKA-view-vn7-MY-AMa.nib/runtime.nib ... 
2019-12-25 07:23:45 +0000  8229 bytes for ./Base.lproj/Main.storyboardc/3Yt-TG-lKA-view-vn7-MY-AMa.nib/runtime.nib
2019-12-25 07:23:45 +0000  copying file ./Base.lproj/Main.storyboardc/Z6K-9h-535-view-VCR-pA-S0J.nib/objects-11.0+.nib ... 
2019-12-25 07:23:45 +0000  14434 bytes for ./Base.lproj/Main.storyboardc/Z6K-9h-535-view-VCR-pA-S0J.nib/objects-11.0+.nib
2019-12-25 07:23:45 +0000  copying file ./Base.lproj/Main.storyboardc/Z6K-9h-535-view-VCR-pA-S0J.nib/runtime.nib ... 
2019-12-25 07:23:45 +0000  14427 bytes for ./Base.lproj/Main.storyboardc/Z6K-9h-535-view-VCR-pA-S0J.nib/runtime.nib
2019-12-25 07:23:45 +0000  copying file ./Base.lproj/Main.storyboardc/tgD-YS-Uc8-view-bGL-Zk-z01.nib/objects-11.0+.nib ... 
2019-12-25 07:23:45 +0000  8588 bytes for ./Base.lproj/Main.storyboardc/tgD-YS-Uc8-view-bGL-Zk-z01.nib/objects-11.0+.nib
2019-12-25 07:23:45 +0000  copying file ./Base.lproj/Main.storyboardc/tgD-YS-Uc8-view-bGL-Zk-z01.nib/runtime.nib ... 
2019-12-25 07:23:45 +0000  8597 bytes for ./Base.lproj/Main.storyboardc/tgD-YS-Uc8-view-bGL-Zk-z01.nib/runtime.nib
copying file ./Base.lproj/Main.storyboardc/Info.plist ... 
2019-12-25 07:23:45 +0000  1627 bytes for ./Base.lproj/Main.storyboardc/Info.plist
2019-12-25 07:23:45 +0000  copying file ./Base.lproj/Main.storyboardc/QFn-1v-38c-view-Lxv-BN-dSh.nib/objects-11.0+.nib ... 
2019-12-25 07:23:45 +0000  8706 bytes for ./Base.lproj/Main.storyboardc/QFn-1v-38c-view-Lxv-BN-dSh.nib/objects-11.0+.nib
2019-12-25 07:23:45 +0000  copying file ./Base.lproj/Main.storyboardc/QFn-1v-38c-view-Lxv-BN-dSh.nib/runtime.nib ... 
2019-12-25 07:23:45 +0000  8699 bytes for ./Base.lproj/Main.storyboardc/QFn-1v-38c-view-Lxv-BN-dSh.nib/runtime.nib
2019-12-25 07:23:45 +0000  copying file ./Base.lproj/LaunchScreen.storyboardc/01J-lp-oVM-view-Ze5-6b-2t3.nib ... 
2019-12-25 07:23:45 +0000  1790 bytes for ./Base.lproj/LaunchScreen.storyboardc/01J-lp-oVM-view-Ze5-6b-2t3.nib
2019-12-25 07:23:45 +0000  copying file ./Base.lproj/LaunchScreen.storyboardc/UIViewController-01J-lp-oVM.nib ... 
2019-12-25 07:23:45 +0000  832 bytes for ./Base.lproj/LaunchScreen.storyboardc/UIViewController-01J-lp-oVM.nib
copying file ./Base.lproj/LaunchScreen.storyboardc/Info.plist ... 
2019-12-25 07:23:45 +0000  258 bytes for ./Base.lproj/LaunchScreen.storyboardc/Info.plist
2019-12-25 07:23:45 +0000  copying file ./BPushCerResource.bundle/BPushVerisignroot.der ... 
2019-12-25 07:23:45 +0000  1239 bytes for ./BPushCerResource.bundle/BPushVerisignroot.der
copying file ./Assets.car ... 
2019-12-25 07:23:46 +0000  10540224 bytes for ./Assets.car
2019-12-25 07:23:46 +0000  copying file ./ico_check_nomal.png ... 
2019-12-25 07:23:46 +0000  598 bytes for ./ico_check_nomal.png
2019-12-25 07:23:46 +0000  copying file ./MainCollectionViewCell.nib ... 
2019-12-25 07:23:46 +0000  2902 bytes for ./MainCollectionViewCell.nib
copying file ./LaunchImage-800-Portrait-736h@3x.png ... 
2019-12-25 07:23:46 +0000  523836 bytes for ./LaunchImage-800-Portrait-736h@3x.png
2019-12-25 07:23:46 +0000  copying file ./LaunchImage-700@2x.png ... 
2019-12-25 07:23:46 +0000  264513 bytes for ./LaunchImage-700@2x.png
copying file ./scanLine@2x.png ... 
2019-12-25 07:23:46 +0000  8866 bytes for ./scanLine@2x.png
2019-12-25 07:23:46 +0000  copying file ./LaunchImage-700-568h@2x.png ... 
2019-12-25 07:23:46 +0000  255944 bytes for ./LaunchImage-700-568h@2x.png
2019-12-25 07:23:46 +0000  copying file ./WarningUntreatedCell.nib ... 
7392 bytes for ./WarningUntreatedCell.nib
copying file ./MGroupCell.nib ... 
2019-12-25 07:23:46 +0000  2968 bytes for ./MGroupCell.nib
copying file ./WarningTreatedCell.nib ... 
2019-12-25 07:23:46 +0000  7202 bytes for ./WarningTreatedCell.nib
2019-12-25 07:23:46 +0000  copying file ./none.png ... 
2019-12-25 07:23:46 +0000  2825 bytes for ./none.png
2019-12-25 07:23:46 +0000  copying file ./ico_check_nomal@3x.png ... 
2019-12-25 07:23:46 +0000  2040 bytes for ./ico_check_nomal@3x.png
copying file ./ico_check_select.png ... 
2019-12-25 07:23:46 +0000  506 bytes for ./ico_check_select.png
2019-12-25 07:23:46 +0000  copying file ./close@3x.png ... 
2019-12-25 07:23:46 +0000  1243 bytes for ./close@3x.png
2019-12-25 07:23:46 +0000  copying file ./embedded.mobileprovision ... 
2019-12-25 07:23:46 +0000  7443 bytes for ./embedded.mobileprovision
copying file ./close@2x.png ... 
2019-12-25 07:23:46 +0000  800 bytes for ./close@2x.png
2019-12-25 07:23:46 +0000  copying file ./Info.plist ... 
2019-12-25 07:23:46 +0000  2055 bytes for ./Info.plist
copying file ./ico_check_nomal@2x.png ... 
2019-12-25 07:23:46 +0000  1204 bytes for ./ico_check_nomal@2x.png
2019-12-25 07:23:46 +0000  copying file ./PkgInfo ... 
2019-12-25 07:23:46 +0000  8 bytes for ./PkgInfo
copying file ./test.caf ... 
2019-12-25 07:23:46 +0000  1060562 bytes for ./test.caf
copying file ./close.png ... 
2019-12-25 07:23:46 +0000  /usr/bin/ditto exited with 0
2019-12-25 07:23:46 +0000  438 bytes for ./close.png
2019-12-25 07:23:46 +0000  Processing step: IDEDistributionEmbedProfileStep
2019-12-25 07:23:46 +0000  Processing step: IDEDistributionAppThinningPlistStep
2019-12-25 07:23:46 +0000  Skipping step: IDEDistributionAppThinningPlistStep because it said so
2019-12-25 07:23:46 +0000  Processing step: IDEDistributionCompileBitcodeStep
2019-12-25 07:23:46 +0000  Skipping step: IDEDistributionCompileBitcodeStep because it said so
2019-12-25 07:23:46 +0000  Processing step: IDEDistributionCodeSlimmingStep
2019-12-25 07:23:46 +0000  Processing step: IDEDistributionCopyBCSymbolMapsStep
2019-12-25 07:23:46 +0000  Skipping step: IDEDistributionCopyBCSymbolMapsStep because it said so
2019-12-25 07:23:46 +0000  Processing step: IDEDistributionSymbolsStep
2019-12-25 07:23:46 +0000  Skipping step: IDEDistributionSymbolsStep because it said so
2019-12-25 07:23:46 +0000  Processing step: IDEDistributionAppThinningStep
2019-12-25 07:23:46 +0000  Skipping step: IDEDistributionAppThinningStep because it said so
2019-12-25 07:23:46 +0000  Processing step: IDEDistributionArchThinningStep
2019-12-25 07:23:46 +0000  Running /Applications/Xcode 10.2.app/Contents/Developer/Toolchains/XcodeDefault.xctoolchain/usr/bin/lipo '/var/folders/ng/5rsppjqx3jzbc7z4x4vfp58h0000gp/T/XcodeDistPipeline.~~~sAi7RV/Root/Payload/BluetoothLock.app/BluetoothLock' '-verify_arch' 'arm64e'
2019-12-25 07:23:46 +0000  /Applications/Xcode 10.2.app/Contents/Developer/Toolchains/XcodeDefault.xctoolchain/usr/bin/lipo exited with 1
2019-12-25 07:23:46 +0000  Skipping architecture thinning for item "BluetoothLock" because arch "arm64e" wasn't found
2019-12-25 07:23:46 +0000  Processing step: IDEDistributionODRStep
2019-12-25 07:23:46 +0000  Processing step: IDEDistributionStripXattrsStep
2019-12-25 07:23:46 +0000  Running /usr/bin/xattr '-crs' '/var/folders/ng/5rsppjqx3jzbc7z4x4vfp58h0000gp/T/XcodeDistPipeline.~~~sAi7RV/Root/Payload/BluetoothLock.app'
2019-12-25 07:23:48 +0000  /usr/bin/xattr exited with 0
2019-12-25 07:23:48 +0000  Processing step: IDEDistributionCodesignStep
2019-12-25 07:23:48 +0000  Entitlements for <IDEDistributionItem: 0x7f937772a050 'com.ideal.GJBluetoothLock' '<DVTFilePath:0x7f9374d5d360:'/Users/msj/Library/Developer/Xcode/Archives/2019-12-25/BluetoothLock 2019-12-25, 3.19 PM.xcarchive/Products/Applications/BluetoothLock.app'>'>: {
    "application-identifier" = "7NHUJF7YLE.com.ideal.GJBluetoothLock";
    "aps-environment" = production;
    "com.apple.developer.team-identifier" = 7NHUJF7YLE;
    "get-task-allow" = 0;
}
2019-12-25 07:23:48 +0000  Writing entitlements for <IDEDistributionItem: 0x7f937772a050 'com.ideal.GJBluetoothLock' '<DVTFilePath:0x7f9374d5d360:'/Users/msj/Library/Developer/Xcode/Archives/2019-12-25/BluetoothLock 2019-12-25, 3.19 PM.xcarchive/Products/Applications/BluetoothLock.app'>'> to: /var/folders/ng/5rsppjqx3jzbc7z4x4vfp58h0000gp/T/XcodeDistPipeline.~~~sAi7RV/entitlements~~~Kar8BR
2019-12-25 07:23:48 +0000  Running /usr/bin/codesign '-vvv' '--force' '--sign' '89014E2BBFC20185A4DF4F7092C9C566D79FC21E' '--entitlements' '/var/folders/ng/5rsppjqx3jzbc7z4x4vfp58h0000gp/T/XcodeDistPipeline.~~~sAi7RV/entitlements~~~Kar8BR' '--preserve-metadata=identifier,flags,runtime' '/var/folders/ng/5rsppjqx3jzbc7z4x4vfp58h0000gp/T/XcodeDistPipeline.~~~sAi7RV/Root/Payload/BluetoothLock.app'
2019-12-25 07:23:48 +0000  /var/folders/ng/5rsppjqx3jzbc7z4x4vfp58h0000gp/T/XcodeDistPipeline.~~~sAi7RV/Root/Payload/BluetoothLock.app: replacing existing signature
2019-12-25 07:23:48 +0000  /var/folders/ng/5rsppjqx3jzbc7z4x4vfp58h0000gp/T/XcodeDistPipeline.~~~sAi7RV/Root/Payload/BluetoothLock.app: signed app bundle with Mach-O universal (armv7 arm64) [com.ideal.GJBluetoothLock]
2019-12-25 07:23:48 +0000  /usr/bin/codesign exited with 0
2019-12-25 07:23:48 +0000  Processing step: IDEDistributionZipODRItemStep
2019-12-25 07:23:48 +0000  Skipping step: IDEDistributionZipODRItemStep because it said so
2019-12-25 07:23:48 +0000  Processing step: IDEDistributionCreateIPAStep
2019-12-25 07:23:48 +0000  Running /usr/bin/ditto '-V' '-c' '-k' '--norsrc' '/var/folders/ng/5rsppjqx3jzbc7z4x4vfp58h0000gp/T/XcodeDistPipeline.~~~sAi7RV/Root' '/var/folders/ng/5rsppjqx3jzbc7z4x4vfp58h0000gp/T/XcodeDistPipeline.~~~sAi7RV/Packages/BluetoothLock.ipa'
2019-12-25 07:23:48 +0000  >>> Copying /var/folders/ng/5rsppjqx3jzbc7z4x4vfp58h0000gp/T/XcodeDistPipeline.~~~sAi7RV/Root 
2019-12-25 07:23:48 +0000  copying file ./Payload/BluetoothLock.app/_CodeSignature/CodeResources ... 
2019-12-25 07:23:48 +0000  63678 bytes for ./Payload/BluetoothLock.app/_CodeSignature/CodeResources
2019-12-25 07:23:48 +0000  copying file ./Payload/BluetoothLock.app/WarnPopupView.nib ... 
2019-12-25 07:23:48 +0000  6159 bytes for ./Payload/BluetoothLock.app/WarnPopupView.nib
2019-12-25 07:23:48 +0000  copying file ./Payload/BluetoothLock.app/messageIn.caf ... 
2019-12-25 07:23:48 +0000  162856 bytes for ./Payload/BluetoothLock.app/messageIn.caf
copying file ./Payload/BluetoothLock.app/plus.png ... 
2019-12-25 07:23:48 +0000  787 bytes for ./Payload/BluetoothLock.app/plus.png
copying file ./Payload/BluetoothLock.app/LaunchImage-1100-Portrait-2436h@3x.png ... 
2019-12-25 07:23:48 +0000  736188 bytes for ./Payload/BluetoothLock.app/LaunchImage-1100-Portrait-2436h@3x.png
copying file ./Payload/BluetoothLock.app/MImaCell.nib ... 
2019-12-25 07:23:48 +0000  3220 bytes for ./Payload/BluetoothLock.app/MImaCell.nib
copying file ./Payload/BluetoothLock.app/AppIcon20x20@2x.png ... 
2019-12-25 07:23:48 +0000  2951 bytes for ./Payload/BluetoothLock.app/AppIcon20x20@2x.png
copying file ./Payload/BluetoothLock.app/AuthItemCell.nib ... 
2019-12-25 07:23:48 +0000  5346 bytes for ./Payload/BluetoothLock.app/AuthItemCell.nib
2019-12-25 07:23:48 +0000  copying file ./Payload/BluetoothLock.app/scanFlashlight@3x.png ... 
2019-12-25 07:23:48 +0000  7663 bytes for ./Payload/BluetoothLock.app/scanFlashlight@3x.png
copying file ./Payload/BluetoothLock.app/HWCollectionViewCell.nib ... 
2019-12-25 07:23:48 +0000  3185 bytes for ./Payload/BluetoothLock.app/HWCollectionViewCell.nib
copying file ./Payload/BluetoothLock.app/ico_check_select@2x.png ... 
2019-12-25 07:23:48 +0000  1002 bytes for ./Payload/BluetoothLock.app/ico_check_select@2x.png
copying file ./Payload/BluetoothLock.app/ico_check_select@3x.png ... 
2019-12-25 07:23:48 +0000  1572 bytes for ./Payload/BluetoothLock.app/ico_check_select@3x.png
copying file ./Payload/BluetoothLock.app/scanFlashlight@2x.png ... 
2019-12-25 07:23:48 +0000  5994 bytes for ./Payload/BluetoothLock.app/scanFlashlight@2x.png
copying file ./Payload/BluetoothLock.app/AppIcon20x20@3x.png ... 
2019-12-25 07:23:48 +0000  4231 bytes for ./Payload/BluetoothLock.app/AppIcon20x20@3x.png
copying file ./Payload/BluetoothLock.app/BluetoothLock ... 
2019-12-25 07:23:49 +0000  3988304 bytes for ./Payload/BluetoothLock.app/BluetoothLock
2019-12-25 07:23:49 +0000  copying file ./Payload/BluetoothLock.app/MJRefresh.bundle/zh-Hans.lproj/Localizable.strings ... 
1194 bytes for ./Payload/BluetoothLock.app/MJRefresh.bundle/zh-Hans.lproj/Localizable.strings
copying file ./Payload/BluetoothLock.app/MJRefresh.bundle/en.lproj/Localizable.strings ... 
2019-12-25 07:23:49 +0000  1372 bytes for ./Payload/BluetoothLock.app/MJRefresh.bundle/en.lproj/Localizable.strings
copying file ./Payload/BluetoothLock.app/MJRefresh.bundle/arrow@2x.png ... 
2019-12-25 07:23:49 +0000  1033 bytes for ./Payload/BluetoothLock.app/MJRefresh.bundle/arrow@2x.png
copying file ./Payload/BluetoothLock.app/MJRefresh.bundle/zh-Hant.lproj/Localizable.strings ... 
773 bytes for ./Payload/BluetoothLock.app/MJRefresh.bundle/zh-Hant.lproj/Localizable.strings
copying file ./Payload/BluetoothLock.app/WarningItemCell.nib ... 
2019-12-25 07:23:49 +0000  6192 bytes for ./Payload/BluetoothLock.app/WarningItemCell.nib
copying file ./Payload/BluetoothLock.app/AppIcon60x60@2x.png ... 
2019-12-25 07:23:49 +0000  9309 bytes for ./Payload/BluetoothLock.app/AppIcon60x60@2x.png
copying file ./Payload/BluetoothLock.app/AppIcon29x29@2x.png ... 
2019-12-25 07:23:49 +0000  4011 bytes for ./Payload/BluetoothLock.app/AppIcon29x29@2x.png
copying file ./Payload/BluetoothLock.app/LaunchImage-800-667h@2x.png ... 
2019-12-25 07:23:49 +0000  289807 bytes for ./Payload/BluetoothLock.app/LaunchImage-800-667h@2x.png
copying file ./Payload/BluetoothLock.app/AppIcon40x40@3x.png ... 
2019-12-25 07:23:49 +0000  9309 bytes for ./Payload/BluetoothLock.app/AppIcon40x40@3x.png
copying file ./Payload/BluetoothLock.app/plus@2x.png ... 
2019-12-25 07:23:49 +0000  1396 bytes for ./Payload/BluetoothLock.app/plus@2x.png
copying file ./Payload/BluetoothLock.app/plus@3x.png ... 
2019-12-25 07:23:49 +0000  2161 bytes for ./Payload/BluetoothLock.app/plus@3x.png
copying file ./Payload/BluetoothLock.app/AppIcon40x40@2x.png ... 
2019-12-25 07:23:49 +0000  5502 bytes for ./Payload/BluetoothLock.app/AppIcon40x40@2x.png
copying file ./Payload/BluetoothLock.app/BluetoothListCell.nib ... 
2019-12-25 07:23:49 +0000  3587 bytes for ./Payload/BluetoothLock.app/BluetoothListCell.nib
2019-12-25 07:23:49 +0000  copying file ./Payload/BluetoothLock.app/AppIcon29x29@3x.png ... 
2019-12-25 07:23:49 +0000  5813 bytes for ./Payload/BluetoothLock.app/AppIcon29x29@3x.png
copying file ./Payload/BluetoothLock.app/AppIcon60x60@3x.png ... 
2019-12-25 07:23:49 +0000  15801 bytes for ./Payload/BluetoothLock.app/AppIcon60x60@3x.png
2019-12-25 07:23:49 +0000  copying file ./Payload/BluetoothLock.app/Base.lproj/Main.storyboardc/UIViewController-ay1-bc-sVu.nib/objects-11.0+.nib ... 
2019-12-25 07:23:49 +0000  1449 bytes for ./Payload/BluetoothLock.app/Base.lproj/Main.storyboardc/UIViewController-ay1-bc-sVu.nib/objects-11.0+.nib
copying file ./Payload/BluetoothLock.app/Base.lproj/Main.storyboardc/UIViewController-ay1-bc-sVu.nib/runtime.nib ... 
2019-12-25 07:23:49 +0000  1449 bytes for ./Payload/BluetoothLock.app/Base.lproj/Main.storyboardc/UIViewController-ay1-bc-sVu.nib/runtime.nib
2019-12-25 07:23:49 +0000  copying file ./Payload/BluetoothLock.app/Base.lproj/Main.storyboardc/UIViewController-kjp-sv-0iq.nib/objects-11.0+.nib ... 
973 bytes for ./Payload/BluetoothLock.app/Base.lproj/Main.storyboardc/UIViewController-kjp-sv-0iq.nib/objects-11.0+.nib
copying file ./Payload/BluetoothLock.app/Base.lproj/Main.storyboardc/UIViewController-kjp-sv-0iq.nib/runtime.nib ... 
2019-12-25 07:23:49 +0000  973 bytes for ./Payload/BluetoothLock.app/Base.lproj/Main.storyboardc/UIViewController-kjp-sv-0iq.nib/runtime.nib
copying file ./Payload/BluetoothLock.app/Base.lproj/Main.storyboardc/AuthDetail.nib/objects-11.0+.nib ... 
2019-12-25 07:23:49 +0000  1343 bytes for ./Payload/BluetoothLock.app/Base.lproj/Main.storyboardc/AuthDetail.nib/objects-11.0+.nib
copying file ./Payload/BluetoothLock.app/Base.lproj/Main.storyboardc/AuthDetail.nib/runtime.nib ... 
2019-12-25 07:23:49 +0000  1343 bytes for ./Payload/BluetoothLock.app/Base.lproj/Main.storyboardc/AuthDetail.nib/runtime.nib
copying file ./Payload/BluetoothLock.app/Base.lproj/Main.storyboardc/FRb-3X-BOH-view-WM6-Yy-rdP.nib/objects-11.0+.nib ... 
2019-12-25 07:23:49 +0000  1804 bytes for ./Payload/BluetoothLock.app/Base.lproj/Main.storyboardc/FRb-3X-BOH-view-WM6-Yy-rdP.nib/objects-11.0+.nib
copying file ./Payload/BluetoothLock.app/Base.lproj/Main.storyboardc/FRb-3X-BOH-view-WM6-Yy-rdP.nib/runtime.nib ... 
1803 bytes for ./Payload/BluetoothLock.app/Base.lproj/Main.storyboardc/FRb-3X-BOH-view-WM6-Yy-rdP.nib/runtime.nib
copying file ./Payload/BluetoothLock.app/Base.lproj/Main.storyboardc/WWC-69-VwQ-view-9fx-6h-5DD.nib/objects-11.0+.nib ... 
2019-12-25 07:23:49 +0000  11242 bytes for ./Payload/BluetoothLock.app/Base.lproj/Main.storyboardc/WWC-69-VwQ-view-9fx-6h-5DD.nib/objects-11.0+.nib
copying file ./Payload/BluetoothLock.app/Base.lproj/Main.storyboardc/WWC-69-VwQ-view-9fx-6h-5DD.nib/runtime.nib ... 
2019-12-25 07:23:49 +0000  11254 bytes for ./Payload/BluetoothLock.app/Base.lproj/Main.storyboardc/WWC-69-VwQ-view-9fx-6h-5DD.nib/runtime.nib
2019-12-25 07:23:49 +0000  copying file ./Payload/BluetoothLock.app/Base.lproj/Main.storyboardc/kjp-sv-0iq-view-ItJ-FT-H4k.nib/objects-11.0+.nib ... 
2019-12-25 07:23:49 +0000  2772 bytes for ./Payload/BluetoothLock.app/Base.lproj/Main.storyboardc/kjp-sv-0iq-view-ItJ-FT-H4k.nib/objects-11.0+.nib
copying file ./Payload/BluetoothLock.app/Base.lproj/Main.storyboardc/kjp-sv-0iq-view-ItJ-FT-H4k.nib/runtime.nib ... 
2019-12-25 07:23:49 +0000  2770 bytes for ./Payload/BluetoothLock.app/Base.lproj/Main.storyboardc/kjp-sv-0iq-view-ItJ-FT-H4k.nib/runtime.nib
copying file ./Payload/BluetoothLock.app/Base.lproj/Main.storyboardc/iKe-gv-aRS-view-1tp-wE-3GU.nib/objects-11.0+.nib ... 
2019-12-25 07:23:49 +0000  10768 bytes for ./Payload/BluetoothLock.app/Base.lproj/Main.storyboardc/iKe-gv-aRS-view-1tp-wE-3GU.nib/objects-11.0+.nib
copying file ./Payload/BluetoothLock.app/Base.lproj/Main.storyboardc/iKe-gv-aRS-view-1tp-wE-3GU.nib/runtime.nib ... 
2019-12-25 07:23:49 +0000  10777 bytes for ./Payload/BluetoothLock.app/Base.lproj/Main.storyboardc/iKe-gv-aRS-view-1tp-wE-3GU.nib/runtime.nib
2019-12-25 07:23:49 +0000  copying file ./Payload/BluetoothLock.app/Base.lproj/Main.storyboardc/etB-vz-ZIp-view-Weh-xL-7Vj.nib/objects-11.0+.nib ... 
2019-12-25 07:23:49 +0000  10021 bytes for ./Payload/BluetoothLock.app/Base.lproj/Main.storyboardc/etB-vz-ZIp-view-Weh-xL-7Vj.nib/objects-11.0+.nib
2019-12-25 07:23:49 +0000  copying file ./Payload/BluetoothLock.app/Base.lproj/Main.storyboardc/etB-vz-ZIp-view-Weh-xL-7Vj.nib/runtime.nib ... 
2019-12-25 07:23:49 +0000  10036 bytes for ./Payload/BluetoothLock.app/Base.lproj/Main.storyboardc/etB-vz-ZIp-view-Weh-xL-7Vj.nib/runtime.nib
2019-12-25 07:23:49 +0000  copying file ./Payload/BluetoothLock.app/Base.lproj/Main.storyboardc/mQT-BC-B0x-view-5bH-GG-2Qq.nib/objects-11.0+.nib ... 
2019-12-25 07:23:49 +0000  6444 bytes for ./Payload/BluetoothLock.app/Base.lproj/Main.storyboardc/mQT-BC-B0x-view-5bH-GG-2Qq.nib/objects-11.0+.nib
2019-12-25 07:23:49 +0000  copying file ./Payload/BluetoothLock.app/Base.lproj/Main.storyboardc/mQT-BC-B0x-view-5bH-GG-2Qq.nib/runtime.nib ... 
2019-12-25 07:23:49 +0000  6430 bytes for ./Payload/BluetoothLock.app/Base.lproj/Main.storyboardc/mQT-BC-B0x-view-5bH-GG-2Qq.nib/runtime.nib
2019-12-25 07:23:49 +0000  copying file ./Payload/BluetoothLock.app/Base.lproj/Main.storyboardc/UIViewController-s6H-od-GzH.nib/objects-11.0+.nib ... 
2019-12-25 07:23:49 +0000  1244 bytes for ./Payload/BluetoothLock.app/Base.lproj/Main.storyboardc/UIViewController-s6H-od-GzH.nib/objects-11.0+.nib
copying file ./Payload/BluetoothLock.app/Base.lproj/Main.storyboardc/UIViewController-s6H-od-GzH.nib/runtime.nib ... 
1244 bytes for ./Payload/BluetoothLock.app/Base.lproj/Main.storyboardc/UIViewController-s6H-od-GzH.nib/runtime.nib
2019-12-25 07:23:49 +0000  copying file ./Payload/BluetoothLock.app/Base.lproj/Main.storyboardc/UIViewController-Smk-Xd-ufy.nib/objects-11.0+.nib ... 
2019-12-25 07:23:49 +0000  1124 bytes for ./Payload/BluetoothLock.app/Base.lproj/Main.storyboardc/UIViewController-Smk-Xd-ufy.nib/objects-11.0+.nib
copying file ./Payload/BluetoothLock.app/Base.lproj/Main.storyboardc/UIViewController-Smk-Xd-ufy.nib/runtime.nib ... 
1124 bytes for ./Payload/BluetoothLock.app/Base.lproj/Main.storyboardc/UIViewController-Smk-Xd-ufy.nib/runtime.nib
2019-12-25 07:23:49 +0000  copying file ./Payload/BluetoothLock.app/Base.lproj/Main.storyboardc/qD1-uC-whA-view-ikf-7d-yAK.nib/objects-11.0+.nib ... 
2019-12-25 07:23:49 +0000  14521 bytes for ./Payload/BluetoothLock.app/Base.lproj/Main.storyboardc/qD1-uC-whA-view-ikf-7d-yAK.nib/objects-11.0+.nib
2019-12-25 07:23:49 +0000  copying file ./Payload/BluetoothLock.app/Base.lproj/Main.storyboardc/qD1-uC-whA-view-ikf-7d-yAK.nib/runtime.nib ... 
2019-12-25 07:23:49 +0000  14510 bytes for ./Payload/BluetoothLock.app/Base.lproj/Main.storyboardc/qD1-uC-whA-view-ikf-7d-yAK.nib/runtime.nib
2019-12-25 07:23:49 +0000  copying file ./Payload/BluetoothLock.app/Base.lproj/Main.storyboardc/6We-hW-9Vo-view-Pk5-W7-ULY.nib/objects-11.0+.nib ... 
2019-12-25 07:23:49 +0000  7285 bytes for ./Payload/BluetoothLock.app/Base.lproj/Main.storyboardc/6We-hW-9Vo-view-Pk5-W7-ULY.nib/objects-11.0+.nib
2019-12-25 07:23:49 +0000  copying file ./Payload/BluetoothLock.app/Base.lproj/Main.storyboardc/6We-hW-9Vo-view-Pk5-W7-ULY.nib/runtime.nib ... 
2019-12-25 07:23:49 +0000  7279 bytes for ./Payload/BluetoothLock.app/Base.lproj/Main.storyboardc/6We-hW-9Vo-view-Pk5-W7-ULY.nib/runtime.nib
2019-12-25 07:23:49 +0000  copying file ./Payload/BluetoothLock.app/Base.lproj/Main.storyboardc/UIViewController-cyV-IF-FJV.nib/objects-11.0+.nib ... 
2019-12-25 07:23:49 +0000  971 bytes for ./Payload/BluetoothLock.app/Base.lproj/Main.storyboardc/UIViewController-cyV-IF-FJV.nib/objects-11.0+.nib
copying file ./Payload/BluetoothLock.app/Base.lproj/Main.storyboardc/UIViewController-cyV-IF-FJV.nib/runtime.nib ... 
2019-12-25 07:23:49 +0000  971 bytes for ./Payload/BluetoothLock.app/Base.lproj/Main.storyboardc/UIViewController-cyV-IF-FJV.nib/runtime.nib
copying file ./Payload/BluetoothLock.app/Base.lproj/Main.storyboardc/OXj-aQ-Tz9-view-Dp4-TY-Kd8.nib/objects-11.0+.nib ... 
2019-12-25 07:23:49 +0000  4533 bytes for ./Payload/BluetoothLock.app/Base.lproj/Main.storyboardc/OXj-aQ-Tz9-view-Dp4-TY-Kd8.nib/objects-11.0+.nib
copying file ./Payload/BluetoothLock.app/Base.lproj/Main.storyboardc/OXj-aQ-Tz9-view-Dp4-TY-Kd8.nib/runtime.nib ... 
2019-12-25 07:23:49 +0000  4522 bytes for ./Payload/BluetoothLock.app/Base.lproj/Main.storyboardc/OXj-aQ-Tz9-view-Dp4-TY-Kd8.nib/runtime.nib
2019-12-25 07:23:49 +0000  copying file ./Payload/BluetoothLock.app/Base.lproj/Main.storyboardc/UIViewController-Z6K-9h-535.nib/objects-11.0+.nib ... 
2019-12-25 07:23:49 +0000  1415 bytes for ./Payload/BluetoothLock.app/Base.lproj/Main.storyboardc/UIViewController-Z6K-9h-535.nib/objects-11.0+.nib
copying file ./Payload/BluetoothLock.app/Base.lproj/Main.storyboardc/UIViewController-Z6K-9h-535.nib/runtime.nib ... 
2019-12-25 07:23:49 +0000  1415 bytes for ./Payload/BluetoothLock.app/Base.lproj/Main.storyboardc/UIViewController-Z6K-9h-535.nib/runtime.nib
copying file ./Payload/BluetoothLock.app/Base.lproj/Main.storyboardc/RemoteControl.nib/objects-11.0+.nib ... 
2019-12-25 07:23:49 +0000  1347 bytes for ./Payload/BluetoothLock.app/Base.lproj/Main.storyboardc/RemoteControl.nib/objects-11.0+.nib
copying file ./Payload/BluetoothLock.app/Base.lproj/Main.storyboardc/RemoteControl.nib/runtime.nib ... 
2019-12-25 07:23:49 +0000  1347 bytes for ./Payload/BluetoothLock.app/Base.lproj/Main.storyboardc/RemoteControl.nib/runtime.nib
copying file ./Payload/BluetoothLock.app/Base.lproj/Main.storyboardc/UIViewController-AFI-og-nn3.nib/objects-11.0+.nib ... 
2019-12-25 07:23:49 +0000  1238 bytes for ./Payload/BluetoothLock.app/Base.lproj/Main.storyboardc/UIViewController-AFI-og-nn3.nib/objects-11.0+.nib
copying file ./Payload/BluetoothLock.app/Base.lproj/Main.storyboardc/UIViewController-AFI-og-nn3.nib/runtime.nib ... 
1238 bytes for ./Payload/BluetoothLock.app/Base.lproj/Main.storyboardc/UIViewController-AFI-og-nn3.nib/runtime.nib
2019-12-25 07:23:49 +0000  copying file ./Payload/BluetoothLock.app/Base.lproj/Main.storyboardc/OpenSearch.nib/objects-11.0+.nib ... 
1048 bytes for ./Payload/BluetoothLock.app/Base.lproj/Main.storyboardc/OpenSearch.nib/objects-11.0+.nib
copying file ./Payload/BluetoothLock.app/Base.lproj/Main.storyboardc/OpenSearch.nib/runtime.nib ... 
2019-12-25 07:23:49 +0000  1048 bytes for ./Payload/BluetoothLock.app/Base.lproj/Main.storyboardc/OpenSearch.nib/runtime.nib
2019-12-25 07:23:49 +0000  copying file ./Payload/BluetoothLock.app/Base.lproj/Main.storyboardc/BluetoothConnect.nib/objects-11.0+.nib ... 
1166 bytes for ./Payload/BluetoothLock.app/Base.lproj/Main.storyboardc/BluetoothConnect.nib/objects-11.0+.nib
copying file ./Payload/BluetoothLock.app/Base.lproj/Main.storyboardc/BluetoothConnect.nib/runtime.nib ... 
2019-12-25 07:23:49 +0000  1166 bytes for ./Payload/BluetoothLock.app/Base.lproj/Main.storyboardc/BluetoothConnect.nib/runtime.nib
copying file ./Payload/BluetoothLock.app/Base.lproj/Main.storyboardc/3Bj-0g-WLM-view-Hw1-6J-WTp.nib/objects-11.0+.nib ... 
2019-12-25 07:23:49 +0000  9144 bytes for ./Payload/BluetoothLock.app/Base.lproj/Main.storyboardc/3Bj-0g-WLM-view-Hw1-6J-WTp.nib/objects-11.0+.nib
2019-12-25 07:23:49 +0000  copying file ./Payload/BluetoothLock.app/Base.lproj/Main.storyboardc/3Bj-0g-WLM-view-Hw1-6J-WTp.nib/runtime.nib ... 
2019-12-25 07:23:49 +0000  9131 bytes for ./Payload/BluetoothLock.app/Base.lproj/Main.storyboardc/3Bj-0g-WLM-view-Hw1-6J-WTp.nib/runtime.nib
2019-12-25 07:23:49 +0000  copying file ./Payload/BluetoothLock.app/Base.lproj/Main.storyboardc/s6H-od-GzH-view-2yL-Pu-O6A.nib/objects-11.0+.nib ... 
2019-12-25 07:23:49 +0000  8628 bytes for ./Payload/BluetoothLock.app/Base.lproj/Main.storyboardc/s6H-od-GzH-view-2yL-Pu-O6A.nib/objects-11.0+.nib
2019-12-25 07:23:49 +0000  copying file ./Payload/BluetoothLock.app/Base.lproj/Main.storyboardc/s6H-od-GzH-view-2yL-Pu-O6A.nib/runtime.nib ... 
2019-12-25 07:23:49 +0000  8626 bytes for ./Payload/BluetoothLock.app/Base.lproj/Main.storyboardc/s6H-od-GzH-view-2yL-Pu-O6A.nib/runtime.nib
2019-12-25 07:23:49 +0000  copying file ./Payload/BluetoothLock.app/Base.lproj/Main.storyboardc/Bluetooth.nib/objects-11.0+.nib ... 
2019-12-25 07:23:49 +0000  1157 bytes for ./Payload/BluetoothLock.app/Base.lproj/Main.storyboardc/Bluetooth.nib/objects-11.0+.nib
copying file ./Payload/BluetoothLock.app/Base.lproj/Main.storyboardc/Bluetooth.nib/runtime.nib ... 
1157 bytes for ./Payload/BluetoothLock.app/Base.lproj/Main.storyboardc/Bluetooth.nib/runtime.nib
2019-12-25 07:23:49 +0000  copying file ./Payload/BluetoothLock.app/Base.lproj/Main.storyboardc/AFI-og-nn3-view-Q0o-lp-7JK.nib/objects-11.0+.nib ... 
2019-12-25 07:23:49 +0000  6397 bytes for ./Payload/BluetoothLock.app/Base.lproj/Main.storyboardc/AFI-og-nn3-view-Q0o-lp-7JK.nib/objects-11.0+.nib
2019-12-25 07:23:49 +0000  copying file ./Payload/BluetoothLock.app/Base.lproj/Main.storyboardc/AFI-og-nn3-view-Q0o-lp-7JK.nib/runtime.nib ... 
2019-12-25 07:23:49 +0000  6386 bytes for ./Payload/BluetoothLock.app/Base.lproj/Main.storyboardc/AFI-og-nn3-view-Q0o-lp-7JK.nib/runtime.nib
copying file ./Payload/BluetoothLock.app/Base.lproj/Main.storyboardc/Login.nib/objects-11.0+.nib ... 
2019-12-25 07:23:49 +0000  1009 bytes for ./Payload/BluetoothLock.app/Base.lproj/Main.storyboardc/Login.nib/objects-11.0+.nib
copying file ./Payload/BluetoothLock.app/Base.lproj/Main.storyboardc/Login.nib/runtime.nib ... 
2019-12-25 07:23:49 +0000  1009 bytes for ./Payload/BluetoothLock.app/Base.lproj/Main.storyboardc/Login.nib/runtime.nib
copying file ./Payload/BluetoothLock.app/Base.lproj/Main.storyboardc/Z2u-yD-kZj-view-6iZ-XW-ytM.nib/objects-11.0+.nib ... 
2019-12-25 07:23:49 +0000  2772 bytes for ./Payload/BluetoothLock.app/Base.lproj/Main.storyboardc/Z2u-yD-kZj-view-6iZ-XW-ytM.nib/objects-11.0+.nib
2019-12-25 07:23:49 +0000  copying file ./Payload/BluetoothLock.app/Base.lproj/Main.storyboardc/Z2u-yD-kZj-view-6iZ-XW-ytM.nib/runtime.nib ... 
2764 bytes for ./Payload/BluetoothLock.app/Base.lproj/Main.storyboardc/Z2u-yD-kZj-view-6iZ-XW-ytM.nib/runtime.nib
2019-12-25 07:23:49 +0000  copying file ./Payload/BluetoothLock.app/Base.lproj/Main.storyboardc/UIViewController-3Yt-TG-lKA.nib/objects-11.0+.nib ... 
2019-12-25 07:23:49 +0000  1422 bytes for ./Payload/BluetoothLock.app/Base.lproj/Main.storyboardc/UIViewController-3Yt-TG-lKA.nib/objects-11.0+.nib
copying file ./Payload/BluetoothLock.app/Base.lproj/Main.storyboardc/UIViewController-3Yt-TG-lKA.nib/runtime.nib ... 
2019-12-25 07:23:49 +0000  1422 bytes for ./Payload/BluetoothLock.app/Base.lproj/Main.storyboardc/UIViewController-3Yt-TG-lKA.nib/runtime.nib
copying file ./Payload/BluetoothLock.app/Base.lproj/Main.storyboardc/UIViewController-mQT-BC-B0x.nib/objects-11.0+.nib ... 
2019-12-25 07:23:49 +0000  1238 bytes for ./Payload/BluetoothLock.app/Base.lproj/Main.storyboardc/UIViewController-mQT-BC-B0x.nib/objects-11.0+.nib
copying file ./Payload/BluetoothLock.app/Base.lproj/Main.storyboardc/UIViewController-mQT-BC-B0x.nib/runtime.nib ... 
1238 bytes for ./Payload/BluetoothLock.app/Base.lproj/Main.storyboardc/UIViewController-mQT-BC-B0x.nib/runtime.nib
2019-12-25 07:23:49 +0000  copying file ./Payload/BluetoothLock.app/Base.lproj/Main.storyboardc/vvV-Y6-IJ5-view-V6H-tx-wCm.nib/objects-11.0+.nib ... 
2019-12-25 07:23:49 +0000  1804 bytes for ./Payload/BluetoothLock.app/Base.lproj/Main.storyboardc/vvV-Y6-IJ5-view-V6H-tx-wCm.nib/objects-11.0+.nib
copying file ./Payload/BluetoothLock.app/Base.lproj/Main.storyboardc/vvV-Y6-IJ5-view-V6H-tx-wCm.nib/runtime.nib ... 
2019-12-25 07:23:49 +0000  1803 bytes for ./Payload/BluetoothLock.app/Base.lproj/Main.storyboardc/vvV-Y6-IJ5-view-V6H-tx-wCm.nib/runtime.nib
copying file ./Payload/BluetoothLock.app/Base.lproj/Main.storyboardc/BluetoothUnregistered.nib/objects-11.0+.nib ... 
2019-12-25 07:23:49 +0000  1482 bytes for ./Payload/BluetoothLock.app/Base.lproj/Main.storyboardc/BluetoothUnregistered.nib/objects-11.0+.nib
copying file ./Payload/BluetoothLock.app/Base.lproj/Main.storyboardc/BluetoothUnregistered.nib/runtime.nib ... 
2019-12-25 07:23:49 +0000  1482 bytes for ./Payload/BluetoothLock.app/Base.lproj/Main.storyboardc/BluetoothUnregistered.nib/runtime.nib
copying file ./Payload/BluetoothLock.app/Base.lproj/Main.storyboardc/MainMenu.nib/objects-11.0+.nib ... 
2019-12-25 07:23:49 +0000  6647 bytes for ./Payload/BluetoothLock.app/Base.lproj/Main.storyboardc/MainMenu.nib/objects-11.0+.nib
2019-12-25 07:23:49 +0000  copying file ./Payload/BluetoothLock.app/Base.lproj/Main.storyboardc/MainMenu.nib/runtime.nib ... 
2019-12-25 07:23:49 +0000  6660 bytes for ./Payload/BluetoothLock.app/Base.lproj/Main.storyboardc/MainMenu.nib/runtime.nib
2019-12-25 07:23:49 +0000  copying file ./Payload/BluetoothLock.app/Base.lproj/Main.storyboardc/UIViewController-qD1-uC-whA.nib/objects-11.0+.nib ... 
1417 bytes for ./Payload/BluetoothLock.app/Base.lproj/Main.storyboardc/UIViewController-qD1-uC-whA.nib/objects-11.0+.nib
copying file ./Payload/BluetoothLock.app/Base.lproj/Main.storyboardc/UIViewController-qD1-uC-whA.nib/runtime.nib ... 
2019-12-25 07:23:49 +0000  1417 bytes for ./Payload/BluetoothLock.app/Base.lproj/Main.storyboardc/UIViewController-qD1-uC-whA.nib/runtime.nib
2019-12-25 07:23:49 +0000  copying file ./Payload/BluetoothLock.app/Base.lproj/Main.storyboardc/UIViewController-FRb-3X-BOH.nib/objects-11.0+.nib ... 
1356 bytes for ./Payload/BluetoothLock.app/Base.lproj/Main.storyboardc/UIViewController-FRb-3X-BOH.nib/objects-11.0+.nib
copying file ./Payload/BluetoothLock.app/Base.lproj/Main.storyboardc/UIViewController-FRb-3X-BOH.nib/runtime.nib ... 
2019-12-25 07:23:49 +0000  1356 bytes for ./Payload/BluetoothLock.app/Base.lproj/Main.storyboardc/UIViewController-FRb-3X-BOH.nib/runtime.nib
2019-12-25 07:23:49 +0000  copying file ./Payload/BluetoothLock.app/Base.lproj/Main.storyboardc/BQw-bX-DXP-view-vXc-qW-dMC.nib/objects-11.0+.nib ... 
2019-12-25 07:23:49 +0000  11237 bytes for ./Payload/BluetoothLock.app/Base.lproj/Main.storyboardc/BQw-bX-DXP-view-vXc-qW-dMC.nib/objects-11.0+.nib
2019-12-25 07:23:49 +0000  copying file ./Payload/BluetoothLock.app/Base.lproj/Main.storyboardc/BQw-bX-DXP-view-vXc-qW-dMC.nib/runtime.nib ... 
2019-12-25 07:23:49 +0000  11234 bytes for ./Payload/BluetoothLock.app/Base.lproj/Main.storyboardc/BQw-bX-DXP-view-vXc-qW-dMC.nib/runtime.nib
copying file ./Payload/BluetoothLock.app/Base.lproj/Main.storyboardc/UIViewController-Z2u-yD-kZj.nib/objects-11.0+.nib ... 
1119 bytes for ./Payload/BluetoothLock.app/Base.lproj/Main.storyboardc/UIViewController-Z2u-yD-kZj.nib/objects-11.0+.nib
copying file ./Payload/BluetoothLock.app/Base.lproj/Main.storyboardc/UIViewController-Z2u-yD-kZj.nib/runtime.nib ... 
2019-12-25 07:23:49 +0000  1119 bytes for ./Payload/BluetoothLock.app/Base.lproj/Main.storyboardc/UIViewController-Z2u-yD-kZj.nib/runtime.nib
copying file ./Payload/BluetoothLock.app/Base.lproj/Main.storyboardc/UIViewController-OXj-aQ-Tz9.nib/objects-11.0+.nib ... 
2019-12-25 07:23:49 +0000  1120 bytes for ./Payload/BluetoothLock.app/Base.lproj/Main.storyboardc/UIViewController-OXj-aQ-Tz9.nib/objects-11.0+.nib
copying file ./Payload/BluetoothLock.app/Base.lproj/Main.storyboardc/UIViewController-OXj-aQ-Tz9.nib/runtime.nib ... 
1120 bytes for ./Payload/BluetoothLock.app/Base.lproj/Main.storyboardc/UIViewController-OXj-aQ-Tz9.nib/runtime.nib
2019-12-25 07:23:49 +0000  copying file ./Payload/BluetoothLock.app/Base.lproj/Main.storyboardc/MonitoringRecords.nib/objects-11.0+.nib ... 
2019-12-25 07:23:49 +0000  1357 bytes for ./Payload/BluetoothLock.app/Base.lproj/Main.storyboardc/MonitoringRecords.nib/objects-11.0+.nib
copying file ./Payload/BluetoothLock.app/Base.lproj/Main.storyboardc/MonitoringRecords.nib/runtime.nib ... 
2019-12-25 07:23:49 +0000  1357 bytes for ./Payload/BluetoothLock.app/Base.lproj/Main.storyboardc/MonitoringRecords.nib/runtime.nib
copying file ./Payload/BluetoothLock.app/Base.lproj/Main.storyboardc/ay1-bc-sVu-view-fNf-wb-Yfc.nib/objects-11.0+.nib ... 
2019-12-25 07:23:49 +0000  7794 bytes for ./Payload/BluetoothLock.app/Base.lproj/Main.storyboardc/ay1-bc-sVu-view-fNf-wb-Yfc.nib/objects-11.0+.nib
copying file ./Payload/BluetoothLock.app/Base.lproj/Main.storyboardc/ay1-bc-sVu-view-fNf-wb-Yfc.nib/runtime.nib ... 
2019-12-25 07:23:49 +0000  7788 bytes for ./Payload/BluetoothLock.app/Base.lproj/Main.storyboardc/ay1-bc-sVu-view-fNf-wb-Yfc.nib/runtime.nib
copying file ./Payload/BluetoothLock.app/Base.lproj/Main.storyboardc/eqb-d6-CRB-view-AYO-P3-raV.nib/objects-11.0+.nib ... 
2019-12-25 07:23:49 +0000  8998 bytes for ./Payload/BluetoothLock.app/Base.lproj/Main.storyboardc/eqb-d6-CRB-view-AYO-P3-raV.nib/objects-11.0+.nib
2019-12-25 07:23:49 +0000  copying file ./Payload/BluetoothLock.app/Base.lproj/Main.storyboardc/eqb-d6-CRB-view-AYO-P3-raV.nib/runtime.nib ... 
2019-12-25 07:23:49 +0000  9119 bytes for ./Payload/BluetoothLock.app/Base.lproj/Main.storyboardc/eqb-d6-CRB-view-AYO-P3-raV.nib/runtime.nib
2019-12-25 07:23:49 +0000  copying file ./Payload/BluetoothLock.app/Base.lproj/Main.storyboardc/bfh-uI-WR2-view-e6U-C0-tcH.nib/objects-11.0+.nib ... 
2019-12-25 07:23:49 +0000  9296 bytes for ./Payload/BluetoothLock.app/Base.lproj/Main.storyboardc/bfh-uI-WR2-view-e6U-C0-tcH.nib/objects-11.0+.nib
2019-12-25 07:23:49 +0000  copying file ./Payload/BluetoothLock.app/Base.lproj/Main.storyboardc/bfh-uI-WR2-view-e6U-C0-tcH.nib/runtime.nib ... 
2019-12-25 07:23:49 +0000  9294 bytes for ./Payload/BluetoothLock.app/Base.lproj/Main.storyboardc/bfh-uI-WR2-view-e6U-C0-tcH.nib/runtime.nib
2019-12-25 07:23:49 +0000  copying file ./Payload/BluetoothLock.app/Base.lproj/Main.storyboardc/BYZ-38-t0r-view-8bC-Xf-vdC.nib/objects-11.0+.nib ... 
2019-12-25 07:23:49 +0000  5218 bytes for ./Payload/BluetoothLock.app/Base.lproj/Main.storyboardc/BYZ-38-t0r-view-8bC-Xf-vdC.nib/objects-11.0+.nib
copying file ./Payload/BluetoothLock.app/Base.lproj/Main.storyboardc/BYZ-38-t0r-view-8bC-Xf-vdC.nib/runtime.nib ... 
2019-12-25 07:23:49 +0000  5221 bytes for ./Payload/BluetoothLock.app/Base.lproj/Main.storyboardc/BYZ-38-t0r-view-8bC-Xf-vdC.nib/runtime.nib
2019-12-25 07:23:49 +0000  copying file ./Payload/BluetoothLock.app/Base.lproj/Main.storyboardc/StatusSearch.nib/objects-11.0+.nib ... 
2019-12-25 07:23:49 +0000  1347 bytes for ./Payload/BluetoothLock.app/Base.lproj/Main.storyboardc/StatusSearch.nib/objects-11.0+.nib
copying file ./Payload/BluetoothLock.app/Base.lproj/Main.storyboardc/StatusSearch.nib/runtime.nib ... 
1347 bytes for ./Payload/BluetoothLock.app/Base.lproj/Main.storyboardc/StatusSearch.nib/runtime.nib
2019-12-25 07:23:49 +0000  copying file ./Payload/BluetoothLock.app/Base.lproj/Main.storyboardc/Yqc-hm-So7-view-uw0-3L-yAc.nib/objects-11.0+.nib ... 
2019-12-25 07:23:49 +0000  5960 bytes for ./Payload/BluetoothLock.app/Base.lproj/Main.storyboardc/Yqc-hm-So7-view-uw0-3L-yAc.nib/objects-11.0+.nib
copying file ./Payload/BluetoothLock.app/Base.lproj/Main.storyboardc/Yqc-hm-So7-view-uw0-3L-yAc.nib/runtime.nib ... 
2019-12-25 07:23:49 +0000  5962 bytes for ./Payload/BluetoothLock.app/Base.lproj/Main.storyboardc/Yqc-hm-So7-view-uw0-3L-yAc.nib/runtime.nib
2019-12-25 07:23:49 +0000  copying file ./Payload/BluetoothLock.app/Base.lproj/Main.storyboardc/elX-id-9Tt-view-aYL-bR-png.nib/objects-11.0+.nib ... 
2019-12-25 07:23:49 +0000  8704 bytes for ./Payload/BluetoothLock.app/Base.lproj/Main.storyboardc/elX-id-9Tt-view-aYL-bR-png.nib/objects-11.0+.nib
2019-12-25 07:23:49 +0000  copying file ./Payload/BluetoothLock.app/Base.lproj/Main.storyboardc/elX-id-9Tt-view-aYL-bR-png.nib/runtime.nib ... 
2019-12-25 07:23:49 +0000  8687 bytes for ./Payload/BluetoothLock.app/Base.lproj/Main.storyboardc/elX-id-9Tt-view-aYL-bR-png.nib/runtime.nib
2019-12-25 07:23:49 +0000  copying file ./Payload/BluetoothLock.app/Base.lproj/Main.storyboardc/cCz-gO-LoI-view-gPP-79-9hD.nib/objects-11.0+.nib ... 
2019-12-25 07:23:49 +0000  3164 bytes for ./Payload/BluetoothLock.app/Base.lproj/Main.storyboardc/cCz-gO-LoI-view-gPP-79-9hD.nib/objects-11.0+.nib
copying file ./Payload/BluetoothLock.app/Base.lproj/Main.storyboardc/cCz-gO-LoI-view-gPP-79-9hD.nib/runtime.nib ... 
2019-12-25 07:23:49 +0000  3169 bytes for ./Payload/BluetoothLock.app/Base.lproj/Main.storyboardc/cCz-gO-LoI-view-gPP-79-9hD.nib/runtime.nib
copying file ./Payload/BluetoothLock.app/Base.lproj/Main.storyboardc/cyV-IF-FJV-view-mnn-VT-bCs.nib/objects-11.0+.nib ... 
2019-12-25 07:23:49 +0000  7814 bytes for ./Payload/BluetoothLock.app/Base.lproj/Main.storyboardc/cyV-IF-FJV-view-mnn-VT-bCs.nib/objects-11.0+.nib
2019-12-25 07:23:49 +0000  copying file ./Payload/BluetoothLock.app/Base.lproj/Main.storyboardc/cyV-IF-FJV-view-mnn-VT-bCs.nib/runtime.nib ... 
2019-12-25 07:23:49 +0000  7821 bytes for ./Payload/BluetoothLock.app/Base.lproj/Main.storyboardc/cyV-IF-FJV-view-mnn-VT-bCs.nib/runtime.nib
2019-12-25 07:23:49 +0000  copying file ./Payload/BluetoothLock.app/Base.lproj/Main.storyboardc/Smk-Xd-ufy-view-1bz-QE-Km8.nib/objects-11.0+.nib ... 
2019-12-25 07:23:49 +0000  4552 bytes for ./Payload/BluetoothLock.app/Base.lproj/Main.storyboardc/Smk-Xd-ufy-view-1bz-QE-Km8.nib/objects-11.0+.nib
copying file ./Payload/BluetoothLock.app/Base.lproj/Main.storyboardc/Smk-Xd-ufy-view-1bz-QE-Km8.nib/runtime.nib ... 
2019-12-25 07:23:49 +0000  4545 bytes for ./Payload/BluetoothLock.app/Base.lproj/Main.storyboardc/Smk-Xd-ufy-view-1bz-QE-Km8.nib/runtime.nib
2019-12-25 07:23:49 +0000  copying file ./Payload/BluetoothLock.app/Base.lproj/Main.storyboardc/mHM-4Y-ZOt-view-DvC-OW-1gz.nib/objects-11.0+.nib ... 
2019-12-25 07:23:49 +0000  12360 bytes for ./Payload/BluetoothLock.app/Base.lproj/Main.storyboardc/mHM-4Y-ZOt-view-DvC-OW-1gz.nib/objects-11.0+.nib
2019-12-25 07:23:49 +0000  copying file ./Payload/BluetoothLock.app/Base.lproj/Main.storyboardc/mHM-4Y-ZOt-view-DvC-OW-1gz.nib/runtime.nib ... 
2019-12-25 07:23:49 +0000  12360 bytes for ./Payload/BluetoothLock.app/Base.lproj/Main.storyboardc/mHM-4Y-ZOt-view-DvC-OW-1gz.nib/runtime.nib
copying file ./Payload/BluetoothLock.app/Base.lproj/Main.storyboardc/g3o-cM-BcG-view-NIU-c1-rjd.nib/objects-11.0+.nib ... 
2019-12-25 07:23:49 +0000  10871 bytes for ./Payload/BluetoothLock.app/Base.lproj/Main.storyboardc/g3o-cM-BcG-view-NIU-c1-rjd.nib/objects-11.0+.nib
2019-12-25 07:23:49 +0000  copying file ./Payload/BluetoothLock.app/Base.lproj/Main.storyboardc/g3o-cM-BcG-view-NIU-c1-rjd.nib/runtime.nib ... 
2019-12-25 07:23:49 +0000  10855 bytes for ./Payload/BluetoothLock.app/Base.lproj/Main.storyboardc/g3o-cM-BcG-view-NIU-c1-rjd.nib/runtime.nib
2019-12-25 07:23:49 +0000  copying file ./Payload/BluetoothLock.app/Base.lproj/Main.storyboardc/UIViewController-cCz-gO-LoI.nib/objects-11.0+.nib ... 
1502 bytes for ./Payload/BluetoothLock.app/Base.lproj/Main.storyboardc/UIViewController-cCz-gO-LoI.nib/objects-11.0+.nib
copying file ./Payload/BluetoothLock.app/Base.lproj/Main.storyboardc/UIViewController-cCz-gO-LoI.nib/runtime.nib ... 
2019-12-25 07:23:49 +0000  1502 bytes for ./Payload/BluetoothLock.app/Base.lproj/Main.storyboardc/UIViewController-cCz-gO-LoI.nib/runtime.nib
copying file ./Payload/BluetoothLock.app/Base.lproj/Main.storyboardc/UIViewController-tgD-YS-Uc8.nib/objects-11.0+.nib ... 
1004 bytes for ./Payload/BluetoothLock.app/Base.lproj/Main.storyboardc/UIViewController-tgD-YS-Uc8.nib/objects-11.0+.nib
copying file ./Payload/BluetoothLock.app/Base.lproj/Main.storyboardc/UIViewController-tgD-YS-Uc8.nib/runtime.nib ... 
2019-12-25 07:23:49 +0000  1004 bytes for ./Payload/BluetoothLock.app/Base.lproj/Main.storyboardc/UIViewController-tgD-YS-Uc8.nib/runtime.nib
copying file ./Payload/BluetoothLock.app/Base.lproj/Main.storyboardc/UIViewController-g3o-cM-BcG.nib/objects-11.0+.nib ... 
2019-12-25 07:23:49 +0000  1176 bytes for ./Payload/BluetoothLock.app/Base.lproj/Main.storyboardc/UIViewController-g3o-cM-BcG.nib/objects-11.0+.nib
copying file ./Payload/BluetoothLock.app/Base.lproj/Main.storyboardc/UIViewController-g3o-cM-BcG.nib/runtime.nib ... 
2019-12-25 07:23:49 +0000  1176 bytes for ./Payload/BluetoothLock.app/Base.lproj/Main.storyboardc/UIViewController-g3o-cM-BcG.nib/runtime.nib
copying file ./Payload/BluetoothLock.app/Base.lproj/Main.storyboardc/UIViewController-WWC-69-VwQ.nib/objects-11.0+.nib ... 
2019-12-25 07:23:49 +0000  1445 bytes for ./Payload/BluetoothLock.app/Base.lproj/Main.storyboardc/UIViewController-WWC-69-VwQ.nib/objects-11.0+.nib
copying file ./Payload/BluetoothLock.app/Base.lproj/Main.storyboardc/UIViewController-WWC-69-VwQ.nib/runtime.nib ... 
2019-12-25 07:23:49 +0000  1445 bytes for ./Payload/BluetoothLock.app/Base.lproj/Main.storyboardc/UIViewController-WWC-69-VwQ.nib/runtime.nib
copying file ./Payload/BluetoothLock.app/Base.lproj/Main.storyboardc/3Yt-TG-lKA-view-vn7-MY-AMa.nib/objects-11.0+.nib ... 
2019-12-25 07:23:49 +0000  8243 bytes for ./Payload/BluetoothLock.app/Base.lproj/Main.storyboardc/3Yt-TG-lKA-view-vn7-MY-AMa.nib/objects-11.0+.nib
copying file ./Payload/BluetoothLock.app/Base.lproj/Main.storyboardc/3Yt-TG-lKA-view-vn7-MY-AMa.nib/runtime.nib ... 
2019-12-25 07:23:49 +0000  8229 bytes for ./Payload/BluetoothLock.app/Base.lproj/Main.storyboardc/3Yt-TG-lKA-view-vn7-MY-AMa.nib/runtime.nib
2019-12-25 07:23:49 +0000  copying file ./Payload/BluetoothLock.app/Base.lproj/Main.storyboardc/Z6K-9h-535-view-VCR-pA-S0J.nib/objects-11.0+.nib ... 
2019-12-25 07:23:49 +0000  14434 bytes for ./Payload/BluetoothLock.app/Base.lproj/Main.storyboardc/Z6K-9h-535-view-VCR-pA-S0J.nib/objects-11.0+.nib
2019-12-25 07:23:49 +0000  copying file ./Payload/BluetoothLock.app/Base.lproj/Main.storyboardc/Z6K-9h-535-view-VCR-pA-S0J.nib/runtime.nib ... 
2019-12-25 07:23:49 +0000  14427 bytes for ./Payload/BluetoothLock.app/Base.lproj/Main.storyboardc/Z6K-9h-535-view-VCR-pA-S0J.nib/runtime.nib
2019-12-25 07:23:49 +0000  copying file ./Payload/BluetoothLock.app/Base.lproj/Main.storyboardc/tgD-YS-Uc8-view-bGL-Zk-z01.nib/objects-11.0+.nib ... 
2019-12-25 07:23:49 +0000  8588 bytes for ./Payload/BluetoothLock.app/Base.lproj/Main.storyboardc/tgD-YS-Uc8-view-bGL-Zk-z01.nib/objects-11.0+.nib
2019-12-25 07:23:49 +0000  copying file ./Payload/BluetoothLock.app/Base.lproj/Main.storyboardc/tgD-YS-Uc8-view-bGL-Zk-z01.nib/runtime.nib ... 
2019-12-25 07:23:49 +0000  8597 bytes for ./Payload/BluetoothLock.app/Base.lproj/Main.storyboardc/tgD-YS-Uc8-view-bGL-Zk-z01.nib/runtime.nib
2019-12-25 07:23:49 +0000  copying file ./Payload/BluetoothLock.app/Base.lproj/Main.storyboardc/Info.plist ... 
1627 bytes for ./Payload/BluetoothLock.app/Base.lproj/Main.storyboardc/Info.plist
2019-12-25 07:23:49 +0000  copying file ./Payload/BluetoothLock.app/Base.lproj/Main.storyboardc/QFn-1v-38c-view-Lxv-BN-dSh.nib/objects-11.0+.nib ... 
2019-12-25 07:23:49 +0000  8706 bytes for ./Payload/BluetoothLock.app/Base.lproj/Main.storyboardc/QFn-1v-38c-view-Lxv-BN-dSh.nib/objects-11.0+.nib
2019-12-25 07:23:49 +0000  copying file ./Payload/BluetoothLock.app/Base.lproj/Main.storyboardc/QFn-1v-38c-view-Lxv-BN-dSh.nib/runtime.nib ... 
2019-12-25 07:23:49 +0000  8699 bytes for ./Payload/BluetoothLock.app/Base.lproj/Main.storyboardc/QFn-1v-38c-view-Lxv-BN-dSh.nib/runtime.nib
2019-12-25 07:23:49 +0000  copying file ./Payload/BluetoothLock.app/Base.lproj/LaunchScreen.storyboardc/01J-lp-oVM-view-Ze5-6b-2t3.nib ... 
2019-12-25 07:23:49 +0000  1790 bytes for ./Payload/BluetoothLock.app/Base.lproj/LaunchScreen.storyboardc/01J-lp-oVM-view-Ze5-6b-2t3.nib
copying file ./Payload/BluetoothLock.app/Base.lproj/LaunchScreen.storyboardc/UIViewController-01J-lp-oVM.nib ... 
2019-12-25 07:23:49 +0000  832 bytes for ./Payload/BluetoothLock.app/Base.lproj/LaunchScreen.storyboardc/UIViewController-01J-lp-oVM.nib
copying file ./Payload/BluetoothLock.app/Base.lproj/LaunchScreen.storyboardc/Info.plist ... 
2019-12-25 07:23:49 +0000  258 bytes for ./Payload/BluetoothLock.app/Base.lproj/LaunchScreen.storyboardc/Info.plist
copying file ./Payload/BluetoothLock.app/BPushCerResource.bundle/BPushVerisignroot.der ... 
2019-12-25 07:23:49 +0000  1239 bytes for ./Payload/BluetoothLock.app/BPushCerResource.bundle/BPushVerisignroot.der
copying file ./Payload/BluetoothLock.app/Assets.car ... 
2019-12-25 07:23:49 +0000  10540224 bytes for ./Payload/BluetoothLock.app/Assets.car
copying file ./Payload/BluetoothLock.app/ico_check_nomal.png ... 
2019-12-25 07:23:49 +0000  598 bytes for ./Payload/BluetoothLock.app/ico_check_nomal.png
copying file ./Payload/BluetoothLock.app/MainCollectionViewCell.nib ... 
2019-12-25 07:23:49 +0000  2902 bytes for ./Payload/BluetoothLock.app/MainCollectionViewCell.nib
copying file ./Payload/BluetoothLock.app/LaunchImage-800-Portrait-736h@3x.png ... 
2019-12-25 07:23:49 +0000  523836 bytes for ./Payload/BluetoothLock.app/LaunchImage-800-Portrait-736h@3x.png
copying file ./Payload/BluetoothLock.app/LaunchImage-700@2x.png ... 
2019-12-25 07:23:49 +0000  264513 bytes for ./Payload/BluetoothLock.app/LaunchImage-700@2x.png
copying file ./Payload/BluetoothLock.app/scanLine@2x.png ... 
2019-12-25 07:23:49 +0000  8866 bytes for ./Payload/BluetoothLock.app/scanLine@2x.png
2019-12-25 07:23:49 +0000  copying file ./Payload/BluetoothLock.app/LaunchImage-700-568h@2x.png ... 
2019-12-25 07:23:49 +0000  255944 bytes for ./Payload/BluetoothLock.app/LaunchImage-700-568h@2x.png
copying file ./Payload/BluetoothLock.app/WarningUntreatedCell.nib ... 
2019-12-25 07:23:49 +0000  7392 bytes for ./Payload/BluetoothLock.app/WarningUntreatedCell.nib
copying file ./Payload/BluetoothLock.app/MGroupCell.nib ... 
2019-12-25 07:23:49 +0000  2968 bytes for ./Payload/BluetoothLock.app/MGroupCell.nib
2019-12-25 07:23:49 +0000  copying file ./Payload/BluetoothLock.app/WarningTreatedCell.nib ... 
2019-12-25 07:23:49 +0000  7202 bytes for ./Payload/BluetoothLock.app/WarningTreatedCell.nib
copying file ./Payload/BluetoothLock.app/none.png ... 
2019-12-25 07:23:49 +0000  2825 bytes for ./Payload/BluetoothLock.app/none.png
copying file ./Payload/BluetoothLock.app/ico_check_nomal@3x.png ... 
2019-12-25 07:23:49 +0000  2040 bytes for ./Payload/BluetoothLock.app/ico_check_nomal@3x.png
copying file ./Payload/BluetoothLock.app/ico_check_select.png ... 
2019-12-25 07:23:49 +0000  506 bytes for ./Payload/BluetoothLock.app/ico_check_select.png
copying file ./Payload/BluetoothLock.app/close@3x.png ... 
2019-12-25 07:23:49 +0000  1243 bytes for ./Payload/BluetoothLock.app/close@3x.png
copying file ./Payload/BluetoothLock.app/embedded.mobileprovision ... 
2019-12-25 07:23:49 +0000  7443 bytes for ./Payload/BluetoothLock.app/embedded.mobileprovision
2019-12-25 07:23:49 +0000  copying file ./Payload/BluetoothLock.app/close@2x.png ... 
800 bytes for ./Payload/BluetoothLock.app/close@2x.png
copying file ./Payload/BluetoothLock.app/Info.plist ... 
2019-12-25 07:23:49 +0000  2055 bytes for ./Payload/BluetoothLock.app/Info.plist
copying file ./Payload/BluetoothLock.app/ico_check_nomal@2x.png ... 
2019-12-25 07:23:49 +0000  1204 bytes for ./Payload/BluetoothLock.app/ico_check_nomal@2x.png
copying file ./Payload/BluetoothLock.app/PkgInfo ... 
2019-12-25 07:23:49 +0000  8 bytes for ./Payload/BluetoothLock.app/PkgInfo
copying file ./Payload/BluetoothLock.app/test.caf ... 
2019-12-25 07:23:49 +0000  1060562 bytes for ./Payload/BluetoothLock.app/test.caf
copying file ./Payload/BluetoothLock.app/close.png ... 
2019-12-25 07:23:49 +0000  438 bytes for ./Payload/BluetoothLock.app/close.png
2019-12-25 07:23:49 +0000  /usr/bin/ditto exited with 0
2019-12-25 07:23:49 +0000  Processing step: IDEDistributionAppStoreInformationStep
2019-12-25 07:23:49 +0000  Skipping step: IDEDistributionAppStoreInformationStep because it said so
2019-12-25 07:23:49 +0000  Processing step: IDEDistributionCreateManifestStep
